UPDATING GIT DEPENDENCY https://github.com/MystenLabs/sui
INCLUDING DEPENDENCY W3libs
INCLUDING DEPENDENCY Sui
INCLUDING DEPENDENCY MoveStdlib
BUILDING SeaPad
Successfully verified dependencies on-chain against source.
----- Transaction Digest ----
C1gcK8gL9NgSb4dCXKDyR45zyHbLWssqBMPxxW9FKibB

Sender: 0x0dd0106a909560b8f2e0262e9946008e307ae7758fde5277853088d25b0b6c7f
Gas Payment: Object ID: 0x01ba063f3252b3d1a29d2f4ec03141f75139ff487245977963dcd0ea87ba6fb9, version: 0x18bd1d, digest: Dwpb9PbWTog7ZCoTTHQVM7duBtFgknuzAaRBPwBEG2at
Gas Owner: 0x0dd0106a909560b8f2e0262e9946008e307ae7758fde5277853088d25b0b6c7f
Gas Price: 950
Gas Budget: 1000000000

----- Transaction Effects ----
Status : Success
Created Objects:
  - ID: 0x0e38fec090168ee8103f85012a367b36ae44c6bd8b7625b580bd0b38fb70b80c , Owner: Immutable
  - ID: 0x203856546ce32071a89a2e789857ea721a54a84e3a404ccc3f3c2d7acf91ef31 , Owner: Account Address ( 0x0dd0106a909560b8f2e0262e9946008e307ae7758fde5277853088d25b0b6c7f )
  - ID: 0x3f665ba1f799c0fa73236c95ea4de1558b5ba692cefb04d960d10610c86b677f , Owner: Immutable
  - ID: 0x58dde186db0423b5ff7e752e5e6a829b58b1f1dd61b5a63724ff587fc3b297f5 , Owner: Account Address ( 0x0dd0106a909560b8f2e0262e9946008e307ae7758fde5277853088d25b0b6c7f )
  - ID: 0xad2d7fd0b895f7159b7abc36502dbfef4c8a3d8f61d9736a5f688ce9cc6c025f , Owner: Account Address ( 0x0dd0106a909560b8f2e0262e9946008e307ae7758fde5277853088d25b0b6c7f )
  - ID: 0xd9af6454328093a77a2f6781500f6058392a2e6761c5f725017405a2c012122a , Owner: Immutable
Mutated Objects:
  - ID: 0x01ba063f3252b3d1a29d2f4ec03141f75139ff487245977963dcd0ea87ba6fb9 , Owner: Account Address ( 0x0dd0106a909560b8f2e0262e9946008e307ae7758fde5277853088d25b0b6c7f )

----- Events ----
Array []
----- Object changes ----
Array [
    Object {
        "type": String("mutated"),
        "sender": String("0x0dd0106a909560b8f2e0262e9946008e307ae7758fde5277853088d25b0b6c7f"),
        "owner": Object {
            "AddressOwner": String("0x0dd0106a909560b8f2e0262e9946008e307ae7758fde5277853088d25b0b6c7f"),
        },
        "objectType": String("0x2::coin::Coin<0x2::sui::SUI>"),
        "objectId": String("0x01ba063f3252b3d1a29d2f4ec03141f75139ff487245977963dcd0ea87ba6fb9"),
        "version": String("1621278"),
        "previousVersion": String("1621277"),
        "digest": String("Hv2Cg2dhJNNgHyDje3SruC4CQ3uAFpMTkZAeRUzb5wn7"),
    },
    Object {
        "type": String("created"),
        "sender": String("0x0dd0106a909560b8f2e0262e9946008e307ae7758fde5277853088d25b0b6c7f"),
        "owner": String("Immutable"),
        "objectType": String("0x2::coin::CoinMetadata<0x3f665ba1f799c0fa73236c95ea4de1558b5ba692cefb04d960d10610c86b677f::usdt_test::USDT_TEST>"),
        "objectId": String("0x0e38fec090168ee8103f85012a367b36ae44c6bd8b7625b580bd0b38fb70b80c"),
        "version": String("1621278"),
        "digest": String("32xsfAxvmyQtdzKmctysm3LUqBcQTt3mNKm2HiE7w2FB"),
    },
    Object {
        "type": String("created"),
        "sender": String("0x0dd0106a909560b8f2e0262e9946008e307ae7758fde5277853088d25b0b6c7f"),
        "owner": Object {
            "AddressOwner": String("0x0dd0106a909560b8f2e0262e9946008e307ae7758fde5277853088d25b0b6c7f"),
        },
        "objectType": String("0x2::coin::TreasuryCap<0x3f665ba1f799c0fa73236c95ea4de1558b5ba692cefb04d960d10610c86b677f::spt::SPT>"),
        "objectId": String("0x203856546ce32071a89a2e789857ea721a54a84e3a404ccc3f3c2d7acf91ef31"),
        "version": String("1621278"),
        "digest": String("5tg4g3ZsJwcsthkZCUjziBL2nTsopdUqsuPaniAJiAa3"),
    },
    Object {
        "type": String("published"),
        "packageId": String("0x3f665ba1f799c0fa73236c95ea4de1558b5ba692cefb04d960d10610c86b677f"),
        "version": String("1"),
        "digest": String("5okZnC6KzLYJXYnZV5amTWAbRjypASvPAsVLKyHsAeyx"),
        "modules": Array [
            String("spt"),
            String("usdt_test"),
        ],
    },
    Object {
        "type": String("created"),
        "sender": String("0x0dd0106a909560b8f2e0262e9946008e307ae7758fde5277853088d25b0b6c7f"),
        "owner": Object {
            "AddressOwner": String("0x0dd0106a909560b8f2e0262e9946008e307ae7758fde5277853088d25b0b6c7f"),
        },
        "objectType": String("0x2::coin::TreasuryCap<0x3f665ba1f799c0fa73236c95ea4de1558b5ba692cefb04d960d10610c86b677f::usdt_test::USDT_TEST>"),
        "objectId": String("0x58dde186db0423b5ff7e752e5e6a829b58b1f1dd61b5a63724ff587fc3b297f5"),
        "version": String("1621278"),
        "digest": String("AbzRDxMtLgKhMhV3qD4yZJC2xmXgZnW3qfYdK5n8Tgh9"),
    },
    Object {
        "type": String("created"),
        "sender": String("0x0dd0106a909560b8f2e0262e9946008e307ae7758fde5277853088d25b0b6c7f"),
        "owner": Object {
            "AddressOwner": String("0x0dd0106a909560b8f2e0262e9946008e307ae7758fde5277853088d25b0b6c7f"),
        },
        "objectType": String("0x2::package::UpgradeCap"),
        "objectId": String("0xad2d7fd0b895f7159b7abc36502dbfef4c8a3d8f61d9736a5f688ce9cc6c025f"),
        "version": String("1621278"),
        "digest": String("3GMpEWBRVjw368iuc8nUjA7nLwnY1VvPotdmXcbooEsZ"),
    },
    Object {
        "type": String("created"),
        "sender": String("0x0dd0106a909560b8f2e0262e9946008e307ae7758fde5277853088d25b0b6c7f"),
        "owner": String("Immutable"),
        "objectType": String("0x2::coin::CoinMetadata<0x3f665ba1f799c0fa73236c95ea4de1558b5ba692cefb04d960d10610c86b677f::spt::SPT>"),
        "objectId": String("0xd9af6454328093a77a2f6781500f6058392a2e6761c5f725017405a2c012122a"),
        "version": String("1621278"),
        "digest": String("8WAaLRBhNKFXwdNy1X2U86kk9wz7WLEsSLZbxztccG1u"),
    },
]
----- Balance changes ----
Array [
    Object {
        "owner": Object {
            "AddressOwner": String("0x0dd0106a909560b8f2e0262e9946008e307ae7758fde5277853088d25b0b6c7f"),
        },
        "coinType": String("0x2::sui::SUI"),
        "amount": String("-37037080"),
    },
]