[warn] Client/Server api version mismatch, client api version : 1.6.1, server api version : 1.5.0
----- Transaction Digest ----
AXkMV5vg4HhU58bBKVToexSxmypja2nrMUmUB47eGYJx
----- Transaction Data ----
Transaction Signature: [Signature(Ed25519SuiSignature(Ed25519SuiSignature([0, 164, 67, 248, 153, 50, 123, 132, 126, 249, 223, 187, 149, 132, 55, 63, 203, 44, 82, 37, 21, 159, 55, 93, 163, 86, 167, 21, 87, 204, 61, 55, 206, 127, 242, 0, 120, 52, 43, 55, 20, 28, 146, 41, 111, 100, 82, 134, 75, 120, 149, 54, 219, 65, 50, 111, 237, 69, 179, 6, 206, 246, 154, 137, 3, 176, 217, 222, 133, 52, 90, 34, 46, 196, 156, 241, 27, 169, 209, 148, 30, 23, 159, 43, 170, 95, 1, 5, 53, 139, 58, 159, 231, 67, 67, 97, 211])))]
Transaction Kind : Programmable
Inputs: [Object(ImmOrOwnedObject { object_id: 0x69e484dee6ca45f1f9056df7bf1e3ec7664ca2133c520343d148eb52b7859747, version: SequenceNumber(9098812), digest: o#F8LijCYyMefTKLNEDpQNBeDUBAXGgPmTVMzTnQpB7e2V }), Pure(SuiPureValue { value_type: Some(U64), value: "10000000000000000" }), Pure(SuiPureValue { value_type: Some(Address), value: "0x0dd0106a909560b8f2e0262e9946008e307ae7758fde5277853088d25b0b6c7f" })]
Commands: [
  MoveCall(0x0000000000000000000000000000000000000000000000000000000000000002::coin::mint_and_transfer<0xb779486cfd6c19e9218cc7dc17c453014d2d9ba12d2ee4dbb0ec4e1e02ae1cca::spt::SPT>(Input(0),Input(1),Input(2))),
]

Sender: 0x0dd0106a909560b8f2e0262e9946008e307ae7758fde5277853088d25b0b6c7f
Gas Payment: Object ID: 0x01ba063f3252b3d1a29d2f4ec03141f75139ff487245977963dcd0ea87ba6fb9, version: 0x8ad7f9, digest: 3oBNsUqBpi9LWDD2tGGSSX7C91Sohe9NTL61jv9wN4Uo
Gas Owner: 0x0dd0106a909560b8f2e0262e9946008e307ae7758fde5277853088d25b0b6c7f
Gas Price: 790
Gas Budget: 20000000

----- Transaction Effects ----
Status : Success
Created Objects:
  - ID: 0x74a7993a2ae75e86ec5f5a1d00ba322bc04099570c85a62be1a890a86c70eb06 , Owner: Account Address ( 0x0dd0106a909560b8f2e0262e9946008e307ae7758fde5277853088d25b0b6c7f )
Mutated Objects:
  - ID: 0x01ba063f3252b3d1a29d2f4ec03141f75139ff487245977963dcd0ea87ba6fb9 , Owner: Account Address ( 0x0dd0106a909560b8f2e0262e9946008e307ae7758fde5277853088d25b0b6c7f )
  - ID: 0x69e484dee6ca45f1f9056df7bf1e3ec7664ca2133c520343d148eb52b7859747 , Owner: Account Address ( 0x0dd0106a909560b8f2e0262e9946008e307ae7758fde5277853088d25b0b6c7f )

----- Events ----
Array []
----- Object changes ----
Array [
    Object {
        "type": String("mutated"),
        "sender": String("0x0dd0106a909560b8f2e0262e9946008e307ae7758fde5277853088d25b0b6c7f"),
        "owner": Object {
            "AddressOwner": String("0x0dd0106a909560b8f2e0262e9946008e307ae7758fde5277853088d25b0b6c7f"),
        },
        "objectType": String("0x2::coin::Coin<0x2::sui::SUI>"),
        "objectId": String("0x01ba063f3252b3d1a29d2f4ec03141f75139ff487245977963dcd0ea87ba6fb9"),
        "version": String("9099258"),
        "previousVersion": String("9099257"),
        "digest": String("FjUYyL4ALYudonjM64wyNnASWET71RGmSTfWTyDwMSh3"),
    },
    Object {
        "type": String("mutated"),
        "sender": String("0x0dd0106a909560b8f2e0262e9946008e307ae7758fde5277853088d25b0b6c7f"),
        "owner": Object {
            "AddressOwner": String("0x0dd0106a909560b8f2e0262e9946008e307ae7758fde5277853088d25b0b6c7f"),
        },
        "objectType": String("0x2::coin::TreasuryCap<0xb779486cfd6c19e9218cc7dc17c453014d2d9ba12d2ee4dbb0ec4e1e02ae1cca::spt::SPT>"),
        "objectId": String("0x69e484dee6ca45f1f9056df7bf1e3ec7664ca2133c520343d148eb52b7859747"),
        "version": String("9099258"),
        "previousVersion": String("9098812"),
        "digest": String("B59W27y1uj3G6AeNveb5pJZQkWsHshks8edFJz8nrMcT"),
    },
    Object {
        "type": String("created"),
        "sender": String("0x0dd0106a909560b8f2e0262e9946008e307ae7758fde5277853088d25b0b6c7f"),
        "owner": Object {
            "AddressOwner": String("0x0dd0106a909560b8f2e0262e9946008e307ae7758fde5277853088d25b0b6c7f"),
        },
        "objectType": String("0x2::coin::Coin<0xb779486cfd6c19e9218cc7dc17c453014d2d9ba12d2ee4dbb0ec4e1e02ae1cca::spt::SPT>"),
        "objectId": String("0x74a7993a2ae75e86ec5f5a1d00ba322bc04099570c85a62be1a890a86c70eb06"),
        "version": String("9099258"),
        "digest": String("6EL8Bd29x8jAixrAqFez89HxDXLxtSWYfMKsDwvk3UNu"),
    },
]
----- Balance changes ----
Array [
    Object {
        "owner": Object {
            "AddressOwner": String("0x0dd0106a909560b8f2e0262e9946008e307ae7758fde5277853088d25b0b6c7f"),
        },
        "coinType": String("0x2::sui::SUI"),
        "amount": String("-2123952"),
    },
    Object {
        "owner": Object {
            "AddressOwner": String("0x0dd0106a909560b8f2e0262e9946008e307ae7758fde5277853088d25b0b6c7f"),
        },
        "coinType": String("0xb779486cfd6c19e9218cc7dc17c453014d2d9ba12d2ee4dbb0ec4e1e02ae1cca::spt::SPT"),
        "amount": String("10000000000000000"),
    },
]
