[warn] Client/Server api version mismatch, client api version : 1.6.1, server api version : 1.5.0
----- Transaction Digest ----
2NMtNrdEZccCFs6UeRXYxo8G67fntEhX37ZeXYA3GEmx
----- Transaction Data ----
Transaction Signature: [Signature(Ed25519SuiSignature(Ed25519SuiSignature([0, 182, 28, 105, 145, 255, 95, 89, 220, 35, 27, 165, 31, 49, 170, 105, 103, 249, 101, 153, 76, 88, 160, 2, 69, 209, 169, 171, 206, 218, 82, 113, 18, 244, 76, 67, 149, 122, 113, 48, 109, 29, 147, 237, 33, 42, 83, 24, 239, 231, 218, 177, 80, 83, 95, 97, 182, 78, 212, 105, 140, 20, 230, 41, 11, 176, 217, 222, 133, 52, 90, 34, 46, 196, 156, 241, 27, 169, 209, 148, 30, 23, 159, 43, 170, 95, 1, 5, 53, 139, 58, 159, 231, 67, 67, 97, 211])))]
Transaction Kind : Programmable
Inputs: [Object(ImmOrOwnedObject { object_id: 0x69e484dee6ca45f1f9056df7bf1e3ec7664ca2133c520343d148eb52b7859747, version: SequenceNumber(9090424), digest: o#9GkqMvSGYjYeCKpLcq4BVV4eTCyAHVE9rLBCGhskLNpX }), Pure(SuiPureValue { value_type: Some(U64), value: "12000000000000000" }), Pure(SuiPureValue { value_type: Some(Address), value: "0x0dd0106a909560b8f2e0262e9946008e307ae7758fde5277853088d25b0b6c7f" })]
Commands: [
  MoveCall(0x0000000000000000000000000000000000000000000000000000000000000002::coin::mint_and_transfer<0xb779486cfd6c19e9218cc7dc17c453014d2d9ba12d2ee4dbb0ec4e1e02ae1cca::spt::SPT>(Input(0),Input(1),Input(2))),
]

Sender: 0x0dd0106a909560b8f2e0262e9946008e307ae7758fde5277853088d25b0b6c7f
Gas Payment: Object ID: 0x01ba063f3252b3d1a29d2f4ec03141f75139ff487245977963dcd0ea87ba6fb9, version: 0x8acd12, digest: 3HKmaasp9BLtqrKcGo6PsB8QkFi5BAPcrosrwHayGDD5
Gas Owner: 0x0dd0106a909560b8f2e0262e9946008e307ae7758fde5277853088d25b0b6c7f
Gas Price: 790
Gas Budget: 20000000

----- Transaction Effects ----
Status : Success
Created Objects:
  - ID: 0xe396b90958d29034a7c01d87eaa86675f0941b2006d002862ef209ee90b80ef5 , Owner: Account Address ( 0x0dd0106a909560b8f2e0262e9946008e307ae7758fde5277853088d25b0b6c7f )
Mutated Objects:
  - ID: 0x01ba063f3252b3d1a29d2f4ec03141f75139ff487245977963dcd0ea87ba6fb9 , Owner: Account Address ( 0x0dd0106a909560b8f2e0262e9946008e307ae7758fde5277853088d25b0b6c7f )
  - ID: 0x69e484dee6ca45f1f9056df7bf1e3ec7664ca2133c520343d148eb52b7859747 , Owner: Account Address ( 0x0dd0106a909560b8f2e0262e9946008e307ae7758fde5277853088d25b0b6c7f )

----- Events ----
Array []
----- Object changes ----
Array [
    Object {
        "type": String("mutated"),
        "sender": String("0x0dd0106a909560b8f2e0262e9946008e307ae7758fde5277853088d25b0b6c7f"),
        "owner": Object {
            "AddressOwner": String("0x0dd0106a909560b8f2e0262e9946008e307ae7758fde5277853088d25b0b6c7f"),
        },
        "objectType": String("0x2::coin::Coin<0x2::sui::SUI>"),
        "objectId": String("0x01ba063f3252b3d1a29d2f4ec03141f75139ff487245977963dcd0ea87ba6fb9"),
        "version": String("9096467"),
        "previousVersion": String("9096466"),
        "digest": String("CGiQnPxjABYWBut1UZ2JSf78uD3bazpbqZARnpNLoNHp"),
    },
    Object {
        "type": String("mutated"),
        "sender": String("0x0dd0106a909560b8f2e0262e9946008e307ae7758fde5277853088d25b0b6c7f"),
        "owner": Object {
            "AddressOwner": String("0x0dd0106a909560b8f2e0262e9946008e307ae7758fde5277853088d25b0b6c7f"),
        },
        "objectType": String("0x2::coin::TreasuryCap<0xb779486cfd6c19e9218cc7dc17c453014d2d9ba12d2ee4dbb0ec4e1e02ae1cca::spt::SPT>"),
        "objectId": String("0x69e484dee6ca45f1f9056df7bf1e3ec7664ca2133c520343d148eb52b7859747"),
        "version": String("9096467"),
        "previousVersion": String("9090424"),
        "digest": String("F8zTzEoay6aGfK5Py8um63ckgCVCBX2cX9FVSGc8NH5H"),
    },
    Object {
        "type": String("created"),
        "sender": String("0x0dd0106a909560b8f2e0262e9946008e307ae7758fde5277853088d25b0b6c7f"),
        "owner": Object {
            "AddressOwner": String("0x0dd0106a909560b8f2e0262e9946008e307ae7758fde5277853088d25b0b6c7f"),
        },
        "objectType": String("0x2::coin::Coin<0xb779486cfd6c19e9218cc7dc17c453014d2d9ba12d2ee4dbb0ec4e1e02ae1cca::spt::SPT>"),
        "objectId": String("0xe396b90958d29034a7c01d87eaa86675f0941b2006d002862ef209ee90b80ef5"),
        "version": String("9096467"),
        "digest": String("3jsjepqtwEHYSr2JLp4rHMyuX12bRiRM8d6t1rSJfMuL"),
    },
]
----- Balance changes ----
Array [
    Object {
        "owner": Object {
            "AddressOwner": String("0x0dd0106a909560b8f2e0262e9946008e307ae7758fde5277853088d25b0b6c7f"),
        },
        "coinType": String("0x2::sui::SUI"),
        "amount": String("-2123952"),
    },
    Object {
        "owner": Object {
            "AddressOwner": String("0x0dd0106a909560b8f2e0262e9946008e307ae7758fde5277853088d25b0b6c7f"),
        },
        "coinType": String("0xb779486cfd6c19e9218cc7dc17c453014d2d9ba12d2ee4dbb0ec4e1e02ae1cca::spt::SPT"),
        "amount": String("12000000000000000"),
    },
]
