[warn] Client/Server api version mismatch, client api version : 1.6.1, server api version : 1.5.0
----- Transaction Digest ----
8ebbEyfdVKGUmLxVRGqvaTtPLDJKykY1AS5M1KrbpdBe
----- Transaction Data ----
Transaction Signature: [Signature(Ed25519SuiSignature(Ed25519SuiSignature([0, 108, 234, 106, 247, 205, 206, 58, 116, 62, 92, 240, 17, 56, 42, 39, 68, 143, 237, 203, 3, 27, 63, 216, 230, 91, 218, 9, 163, 161, 50, 144, 108, 228, 47, 221, 26, 90, 214, 38, 18, 6, 178, 162, 33, 195, 207, 210, 236, 237, 1, 95, 91, 6, 114, 96, 55, 35, 150, 176, 150, 146, 248, 63, 4, 176, 217, 222, 133, 52, 90, 34, 46, 196, 156, 241, 27, 169, 209, 148, 30, 23, 159, 43, 170, 95, 1, 5, 53, 139, 58, 159, 231, 67, 67, 97, 211])))]
Transaction Kind : Programmable
Inputs: [Object(ImmOrOwnedObject { object_id: 0x69e484dee6ca45f1f9056df7bf1e3ec7664ca2133c520343d148eb52b7859747, version: SequenceNumber(9097626), digest: o#6wLo2xP4WLUD886XuYbjcmPjioG6ukknnhMDFpyPEE6p }), Pure(SuiPureValue { value_type: Some(U64), value: "4000000000000000" }), Pure(SuiPureValue { value_type: Some(Address), value: "0x0dd0106a909560b8f2e0262e9946008e307ae7758fde5277853088d25b0b6c7f" })]
Commands: [
  MoveCall(0x0000000000000000000000000000000000000000000000000000000000000002::coin::mint_and_transfer<0xb779486cfd6c19e9218cc7dc17c453014d2d9ba12d2ee4dbb0ec4e1e02ae1cca::spt::SPT>(Input(0),Input(1),Input(2))),
]

Sender: 0x0dd0106a909560b8f2e0262e9946008e307ae7758fde5277853088d25b0b6c7f
Gas Payment: Object ID: 0x01ba063f3252b3d1a29d2f4ec03141f75139ff487245977963dcd0ea87ba6fb9, version: 0x8ad415, digest: ED5JVQ9GHCiX71XAsW99bMeXTU4fJ8xcn2gvfUB9fAp3
Gas Owner: 0x0dd0106a909560b8f2e0262e9946008e307ae7758fde5277853088d25b0b6c7f
Gas Price: 790
Gas Budget: 20000000

----- Transaction Effects ----
Status : Success
Created Objects:
  - ID: 0x7080d12fd810610c60166e15fcd69f3aab3183b2f2472fee628ed854bbb6a0c4 , Owner: Account Address ( 0x0dd0106a909560b8f2e0262e9946008e307ae7758fde5277853088d25b0b6c7f )
Mutated Objects:
  - ID: 0x01ba063f3252b3d1a29d2f4ec03141f75139ff487245977963dcd0ea87ba6fb9 , Owner: Account Address ( 0x0dd0106a909560b8f2e0262e9946008e307ae7758fde5277853088d25b0b6c7f )
  - ID: 0x69e484dee6ca45f1f9056df7bf1e3ec7664ca2133c520343d148eb52b7859747 , Owner: Account Address ( 0x0dd0106a909560b8f2e0262e9946008e307ae7758fde5277853088d25b0b6c7f )

----- Events ----
Array []
----- Object changes ----
Array [
    Object {
        "type": String("mutated"),
        "sender": String("0x0dd0106a909560b8f2e0262e9946008e307ae7758fde5277853088d25b0b6c7f"),
        "owner": Object {
            "AddressOwner": String("0x0dd0106a909560b8f2e0262e9946008e307ae7758fde5277853088d25b0b6c7f"),
        },
        "objectType": String("0x2::coin::Coin<0x2::sui::SUI>"),
        "objectId": String("0x01ba063f3252b3d1a29d2f4ec03141f75139ff487245977963dcd0ea87ba6fb9"),
        "version": String("9098262"),
        "previousVersion": String("9098261"),
        "digest": String("F7NCUxKEu6EwpR4cL63kirBXaEfu4jcFBcLa1Sr656Uf"),
    },
    Object {
        "type": String("mutated"),
        "sender": String("0x0dd0106a909560b8f2e0262e9946008e307ae7758fde5277853088d25b0b6c7f"),
        "owner": Object {
            "AddressOwner": String("0x0dd0106a909560b8f2e0262e9946008e307ae7758fde5277853088d25b0b6c7f"),
        },
        "objectType": String("0x2::coin::TreasuryCap<0xb779486cfd6c19e9218cc7dc17c453014d2d9ba12d2ee4dbb0ec4e1e02ae1cca::spt::SPT>"),
        "objectId": String("0x69e484dee6ca45f1f9056df7bf1e3ec7664ca2133c520343d148eb52b7859747"),
        "version": String("9098262"),
        "previousVersion": String("9097626"),
        "digest": String("7khPYkQYv5xYdCoqQ2Zx8KH3mPdxWBH8GXjRWvVzMkKe"),
    },
    Object {
        "type": String("created"),
        "sender": String("0x0dd0106a909560b8f2e0262e9946008e307ae7758fde5277853088d25b0b6c7f"),
        "owner": Object {
            "AddressOwner": String("0x0dd0106a909560b8f2e0262e9946008e307ae7758fde5277853088d25b0b6c7f"),
        },
        "objectType": String("0x2::coin::Coin<0xb779486cfd6c19e9218cc7dc17c453014d2d9ba12d2ee4dbb0ec4e1e02ae1cca::spt::SPT>"),
        "objectId": String("0x7080d12fd810610c60166e15fcd69f3aab3183b2f2472fee628ed854bbb6a0c4"),
        "version": String("9098262"),
        "digest": String("5bLXgfSyXyLxjPRQPaqigCf4damKgsTxA9q7hruMXgZb"),
    },
]
----- Balance changes ----
Array [
    Object {
        "owner": Object {
            "AddressOwner": String("0x0dd0106a909560b8f2e0262e9946008e307ae7758fde5277853088d25b0b6c7f"),
        },
        "coinType": String("0x2::sui::SUI"),
        "amount": String("-2123952"),
    },
    Object {
        "owner": Object {
            "AddressOwner": String("0x0dd0106a909560b8f2e0262e9946008e307ae7758fde5277853088d25b0b6c7f"),
        },
        "coinType": String("0xb779486cfd6c19e9218cc7dc17c453014d2d9ba12d2ee4dbb0ec4e1e02ae1cca::spt::SPT"),
        "amount": String("4000000000000000"),
    },
]
