[warn] Client/Server api version mismatch, client api version : 1.6.1, server api version : 1.5.0
----- Transaction Digest ----
H2Xbr6yhw9djkSV2xH48Ej1VkgMfjFLhE4k6YDSZssuX
----- Transaction Data ----
Transaction Signature: [Signature(Ed25519SuiSignature(Ed25519SuiSignature([0, 158, 149, 169, 57, 33, 103, 108, 179, 234, 35, 32, 116, 144, 75, 56, 209, 98, 228, 237, 43, 249, 157, 224, 60, 176, 13, 165, 247, 202, 146, 207, 29, 6, 181, 211, 148, 183, 0, 191, 75, 167, 87, 47, 30, 57, 35, 81, 250, 23, 187, 205, 202, 71, 81, 197, 226, 243, 127, 113, 84, 123, 154, 87, 6, 176, 217, 222, 133, 52, 90, 34, 46, 196, 156, 241, 27, 169, 209, 148, 30, 23, 159, 43, 170, 95, 1, 5, 53, 139, 58, 159, 231, 67, 67, 97, 211])))]
Transaction Kind : Programmable
Inputs: [Object(ImmOrOwnedObject { object_id: 0x89f8ca05dd63df070c395432cd0cb0bbc3d61b26eb79868bbb445373ad2ef555, version: SequenceNumber(9096122), digest: o#3Rym3Tz8tigZqG6nXswZeuLwtsLHtJYNLJZerzVt3bCm }), Object(SharedObject { object_id: 0x23a3f3168b0b10dd5da2e73ccc689cf71d1a885d41c44b412a06ec2a0cb49cc0, initial_shared_version: SequenceNumber(9096122), mutable: true }), Pure(SuiPureValue { value_type: Some(Address), value: "0xff65b3014225aa68458bc71f289cb72b97c97113bae2101764242d82e28b1c0f" }), Pure(SuiPureValue { value_type: Some(Vector(U8)), value: "FUND LIQUIDITY" }), Pure(SuiPureValue { value_type: Some(U8), value: 3 }), Pure(SuiPureValue { value_type: Some(U64), value: "1691244000000" }), Pure(SuiPureValue { value_type: Some(U64), value: "0" }), Object(ImmOrOwnedObject { object_id: 0xf369fd1c3cdc9237f40a55b987070be89f1571b11623e70089f1c55ddd92431c, version: SequenceNumber(9092574), digest: o#LPoSzsRZ1wnenndEf3aeamR5tYt1MmocVb92FJFoykN }), Pure(SuiPureValue { value_type: Some(U64), value: "3000" }), Pure(SuiPureValue { value_type: Some(U64), value: "7776000000" }), Object(SharedObject { object_id: 0x0000000000000000000000000000000000000000000000000000000000000006, initial_shared_version: SequenceNumber(1), mutable: false }), Object(SharedObject { object_id: 0x4c8921b6b1cc5fcdb390ce07aa3bd804b7f4116177fb43d337510c875f78e297, initial_shared_version: SequenceNumber(9092575), mutable: true }), Pure(SuiPureValue { value_type: Some(Vector(U64)), value: [] })]
Commands: [
  MoveCall(0xa00d14642a0faa3236f80a990568447a57a51d057ca4dc79f623db5b7334f58d::tokenomic_entries::addFund<0xb779486cfd6c19e9218cc7dc17c453014d2d9ba12d2ee4dbb0ec4e1e02ae1cca::spt::SPT>(Input(0),Input(1),Input(2),Input(3),Input(4),Input(5),Input(6),Input(7),Input(8),Input(9),Input(10),Input(11),Input(12),Input(12))),
]

Sender: 0x0dd0106a909560b8f2e0262e9946008e307ae7758fde5277853088d25b0b6c7f
Gas Payment: Object ID: 0x01ba063f3252b3d1a29d2f4ec03141f75139ff487245977963dcd0ea87ba6fb9, version: 0x8acbba, digest: GzigJ51B4rv3jr5wuY5P2CM9yNi8FvCRMHjVECgGKNpB
Gas Owner: 0x0dd0106a909560b8f2e0262e9946008e307ae7758fde5277853088d25b0b6c7f
Gas Price: 790
Gas Budget: 200000000

----- Transaction Effects ----
Status : Success
Created Objects:
  - ID: 0x15e0716033e68df100c3f9e7d37424f6b7b9c53ca50de81c93d521a43b548236 , Owner: Object ID: ( 0x941273f80fe5e026e73ac4f3cb4fc04e3c190afeb229fd3019d1c01a07b1eab8 )
Mutated Objects:
  - ID: 0x01ba063f3252b3d1a29d2f4ec03141f75139ff487245977963dcd0ea87ba6fb9 , Owner: Account Address ( 0x0dd0106a909560b8f2e0262e9946008e307ae7758fde5277853088d25b0b6c7f )
  - ID: 0x23a3f3168b0b10dd5da2e73ccc689cf71d1a885d41c44b412a06ec2a0cb49cc0 , Owner: Shared
  - ID: 0x4c8921b6b1cc5fcdb390ce07aa3bd804b7f4116177fb43d337510c875f78e297 , Owner: Shared
  - ID: 0x89f8ca05dd63df070c395432cd0cb0bbc3d61b26eb79868bbb445373ad2ef555 , Owner: Account Address ( 0x0dd0106a909560b8f2e0262e9946008e307ae7758fde5277853088d25b0b6c7f )
Wrapped Objects:
  - ID: 0xf369fd1c3cdc9237f40a55b987070be89f1571b11623e70089f1c55ddd92431c

----- Events ----
Array [
    Object {
        "id": Object {
            "txDigest": String("H2Xbr6yhw9djkSV2xH48Ej1VkgMfjFLhE4k6YDSZssuX"),
            "eventSeq": String("0"),
        },
        "packageId": String("0xa00d14642a0faa3236f80a990568447a57a51d057ca4dc79f623db5b7334f58d"),
        "transactionModule": String("tokenomic_entries"),
        "sender": String("0x0dd0106a909560b8f2e0262e9946008e307ae7758fde5277853088d25b0b6c7f"),
        "type": String("0xa00d14642a0faa3236f80a990568447a57a51d057ca4dc79f623db5b7334f58d::tokenomic::TokenomicFundAddedEvent"),
        "parsedJson": Object {
            "cliff_ms": String("0"),
            "linear_vesting_duration_ms": String("7776000000"),
            "milestone_percents": Array [],
            "milestone_times": Array [],
            "name": Array [
                Number(70),
                Number(85),
                Number(78),
                Number(68),
                Number(32),
                Number(76),
                Number(73),
                Number(81),
                Number(85),
                Number(73),
                Number(68),
                Number(73),
                Number(84),
                Number(89),
            ],
            "owner": String("0xff65b3014225aa68458bc71f289cb72b97c97113bae2101764242d82e28b1c0f"),
            "pie_percent": String("700"),
            "tge_ms": String("1691244000000"),
            "unlock_percent": String("3000"),
            "vesting_fund_total": String("7000000000000000"),
            "vesting_type": Number(3),
        },
        "bcs": String("H7AHYmToivJQUUo838HDJgbXJBT5SAi9gnbUZTtX3icassFLoJyaoFGEBKzoSCrS6z5WXEMncRHpcauTL67QJq43D2QnbhuQAvVk6ZuurcVVS5eJ9671nruDyWXirUhqzkKjVEJsuxbRhZZqyTpMavACa3xB"),
    },
]
----- Object changes ----
Array [
    Object {
        "type": String("mutated"),
        "sender": String("0x0dd0106a909560b8f2e0262e9946008e307ae7758fde5277853088d25b0b6c7f"),
        "owner": Object {
            "AddressOwner": String("0x0dd0106a909560b8f2e0262e9946008e307ae7758fde5277853088d25b0b6c7f"),
        },
        "objectType": String("0x2::coin::Coin<0x2::sui::SUI>"),
        "objectId": String("0x01ba063f3252b3d1a29d2f4ec03141f75139ff487245977963dcd0ea87ba6fb9"),
        "version": String("9096466"),
        "previousVersion": String("9096122"),
        "digest": String("3HKmaasp9BLtqrKcGo6PsB8QkFi5BAPcrosrwHayGDD5"),
    },
    Object {
        "type": String("mutated"),
        "sender": String("0x0dd0106a909560b8f2e0262e9946008e307ae7758fde5277853088d25b0b6c7f"),
        "owner": Object {
            "Shared": Object {
                "initial_shared_version": Number(9096122),
            },
        },
        "objectType": String("0xa00d14642a0faa3236f80a990568447a57a51d057ca4dc79f623db5b7334f58d::tokenomic::TokenomicPie<0xb779486cfd6c19e9218cc7dc17c453014d2d9ba12d2ee4dbb0ec4e1e02ae1cca::spt::SPT>"),
        "objectId": String("0x23a3f3168b0b10dd5da2e73ccc689cf71d1a885d41c44b412a06ec2a0cb49cc0"),
        "version": String("9096466"),
        "previousVersion": String("9096122"),
        "digest": String("BuDtyqFT5dfswM3iJZ5nRU7CpA7EDKtc3RzPTTeACBLG"),
    },
    Object {
        "type": String("mutated"),
        "sender": String("0x0dd0106a909560b8f2e0262e9946008e307ae7758fde5277853088d25b0b6c7f"),
        "owner": Object {
            "Shared": Object {
                "initial_shared_version": Number(9092575),
            },
        },
        "objectType": String("0xa00d14642a0faa3236f80a990568447a57a51d057ca4dc79f623db5b7334f58d::version::Version"),
        "objectId": String("0x4c8921b6b1cc5fcdb390ce07aa3bd804b7f4116177fb43d337510c875f78e297"),
        "version": String("9096466"),
        "previousVersion": String("9096122"),
        "digest": String("5uWkbP5qzBEkpYK5ruL5j87W3suCDtHUnGjR8QnCFL1W"),
    },
    Object {
        "type": String("mutated"),
        "sender": String("0x0dd0106a909560b8f2e0262e9946008e307ae7758fde5277853088d25b0b6c7f"),
        "owner": Object {
            "AddressOwner": String("0x0dd0106a909560b8f2e0262e9946008e307ae7758fde5277853088d25b0b6c7f"),
        },
        "objectType": String("0xa00d14642a0faa3236f80a990568447a57a51d057ca4dc79f623db5b7334f58d::tokenomic::TAdminCap"),
        "objectId": String("0x89f8ca05dd63df070c395432cd0cb0bbc3d61b26eb79868bbb445373ad2ef555"),
        "version": String("9096466"),
        "previousVersion": String("9096122"),
        "digest": String("EjmSWdVQxX5tcuEJDJrBNMV17PxRZBq3eVP5awayD2P2"),
    },
    Object {
        "type": String("created"),
        "sender": String("0x0dd0106a909560b8f2e0262e9946008e307ae7758fde5277853088d25b0b6c7f"),
        "owner": Object {
            "ObjectOwner": String("0x941273f80fe5e026e73ac4f3cb4fc04e3c190afeb229fd3019d1c01a07b1eab8"),
        },
        "objectType": String("0x2::dynamic_field::Field<address, 0xa00d14642a0faa3236f80a990568447a57a51d057ca4dc79f623db5b7334f58d::tokenomic::TokenomicFund<0xb779486cfd6c19e9218cc7dc17c453014d2d9ba12d2ee4dbb0ec4e1e02ae1cca::spt::SPT>>"),
        "objectId": String("0x15e0716033e68df100c3f9e7d37424f6b7b9c53ca50de81c93d521a43b548236"),
        "version": String("9096466"),
        "digest": String("ChsseeDyG27HC9LYMypcCw9bKfH9h8z5d3DTC4w7Jwbv"),
    },
]
----- Balance changes ----
Array [
    Object {
        "owner": Object {
            "AddressOwner": String("0x0dd0106a909560b8f2e0262e9946008e307ae7758fde5277853088d25b0b6c7f"),
        },
        "coinType": String("0x2::sui::SUI"),
        "amount": String("-3252704"),
    },
    Object {
        "owner": Object {
            "AddressOwner": String("0x0dd0106a909560b8f2e0262e9946008e307ae7758fde5277853088d25b0b6c7f"),
        },
        "coinType": String("0xb779486cfd6c19e9218cc7dc17c453014d2d9ba12d2ee4dbb0ec4e1e02ae1cca::spt::SPT"),
        "amount": String("-7000000000000000"),
    },
]