[warn] Client/Server api version mismatch, client api version : 1.6.1, server api version : 1.5.0
----- Transaction Digest ----
F6QVLV4HPHmG6Z6RMiNUkZRHkQTYidJk2Rhd1jiUCXXP
----- Transaction Data ----
Transaction Signature: [Signature(Ed25519SuiSignature(Ed25519SuiSignature([0, 5, 76, 35, 203, 92, 132, 115, 51, 81, 127, 98, 211, 116, 234, 150, 21, 133, 66, 97, 25, 62, 9, 27, 73, 99, 177, 180, 230, 177, 83, 189, 111, 248, 197, 118, 224, 9, 117, 207, 198, 119, 131, 173, 248, 222, 39, 164, 65, 227, 165, 51, 100, 141, 66, 200, 101, 201, 28, 90, 18, 203, 175, 138, 7, 176, 217, 222, 133, 52, 90, 34, 46, 196, 156, 241, 27, 169, 209, 148, 30, 23, 159, 43, 170, 95, 1, 5, 53, 139, 58, 159, 231, 67, 67, 97, 211])))]
Transaction Kind : Programmable
Inputs: [Object(ImmOrOwnedObject { object_id: 0x89f8ca05dd63df070c395432cd0cb0bbc3d61b26eb79868bbb445373ad2ef555, version: SequenceNumber(9098261), digest: o#BdyJRvSLFKMvHSZAxQWq8XbqQYCFJZdVP2sda7r6DTix }), Object(SharedObject { object_id: 0x23a3f3168b0b10dd5da2e73ccc689cf71d1a885d41c44b412a06ec2a0cb49cc0, initial_shared_version: SequenceNumber(9096122), mutable: true }), Pure(SuiPureValue { value_type: Some(Address), value: "0x38a7ccc61dcbbe36c9b02d8781322041d9e727ce55b1161010d0946468984679" }), Pure(SuiPureValue { value_type: Some(Vector(U8)), value: "FUND ADVISOR PARTNER" }), Pure(SuiPureValue { value_type: Some(U8), value: 3 }), Pure(SuiPureValue { value_type: Some(U64), value: "1691244000000" }), Pure(SuiPureValue { value_type: Some(U64), value: "7776000000" }), Object(ImmOrOwnedObject { object_id: 0x7080d12fd810610c60166e15fcd69f3aab3183b2f2472fee628ed854bbb6a0c4, version: SequenceNumber(9098262), digest: o#5bLXgfSyXyLxjPRQPaqigCf4damKgsTxA9q7hruMXgZb }), Pure(SuiPureValue { value_type: Some(U64), value: "0" }), Pure(SuiPureValue { value_type: Some(U64), value: "93312000000" }), Object(SharedObject { object_id: 0x0000000000000000000000000000000000000000000000000000000000000006, initial_shared_version: SequenceNumber(1), mutable: false }), Object(SharedObject { object_id: 0x4c8921b6b1cc5fcdb390ce07aa3bd804b7f4116177fb43d337510c875f78e297, initial_shared_version: SequenceNumber(9092575), mutable: true }), Pure(SuiPureValue { value_type: Some(Vector(U64)), value: [] })]
Commands: [
  MoveCall(0xa00d14642a0faa3236f80a990568447a57a51d057ca4dc79f623db5b7334f58d::tokenomic_entries::addFund<0xb779486cfd6c19e9218cc7dc17c453014d2d9ba12d2ee4dbb0ec4e1e02ae1cca::spt::SPT>(Input(0),Input(1),Input(2),Input(3),Input(4),Input(5),Input(6),Input(7),Input(8),Input(9),Input(10),Input(11),Input(12),Input(12))),
]

Sender: 0x0dd0106a909560b8f2e0262e9946008e307ae7758fde5277853088d25b0b6c7f
Gas Payment: Object ID: 0x01ba063f3252b3d1a29d2f4ec03141f75139ff487245977963dcd0ea87ba6fb9, version: 0x8ad416, digest: F7NCUxKEu6EwpR4cL63kirBXaEfu4jcFBcLa1Sr656Uf
Gas Owner: 0x0dd0106a909560b8f2e0262e9946008e307ae7758fde5277853088d25b0b6c7f
Gas Price: 790
Gas Budget: 200000000

----- Transaction Effects ----
Status : Success
Created Objects:
  - ID: 0xd8f781649cb4239408ceb309257df29ab88906d24734cc45b4c54ae0d3f65c74 , Owner: Object ID: ( 0x941273f80fe5e026e73ac4f3cb4fc04e3c190afeb229fd3019d1c01a07b1eab8 )
Mutated Objects:
  - ID: 0x01ba063f3252b3d1a29d2f4ec03141f75139ff487245977963dcd0ea87ba6fb9 , Owner: Account Address ( 0x0dd0106a909560b8f2e0262e9946008e307ae7758fde5277853088d25b0b6c7f )
  - ID: 0x23a3f3168b0b10dd5da2e73ccc689cf71d1a885d41c44b412a06ec2a0cb49cc0 , Owner: Shared
  - ID: 0x4c8921b6b1cc5fcdb390ce07aa3bd804b7f4116177fb43d337510c875f78e297 , Owner: Shared
  - ID: 0x89f8ca05dd63df070c395432cd0cb0bbc3d61b26eb79868bbb445373ad2ef555 , Owner: Account Address ( 0x0dd0106a909560b8f2e0262e9946008e307ae7758fde5277853088d25b0b6c7f )
Wrapped Objects:
  - ID: 0x7080d12fd810610c60166e15fcd69f3aab3183b2f2472fee628ed854bbb6a0c4

----- Events ----
Array [
    Object {
        "id": Object {
            "txDigest": String("F6QVLV4HPHmG6Z6RMiNUkZRHkQTYidJk2Rhd1jiUCXXP"),
            "eventSeq": String("0"),
        },
        "packageId": String("0xa00d14642a0faa3236f80a990568447a57a51d057ca4dc79f623db5b7334f58d"),
        "transactionModule": String("tokenomic_entries"),
        "sender": String("0x0dd0106a909560b8f2e0262e9946008e307ae7758fde5277853088d25b0b6c7f"),
        "type": String("0xa00d14642a0faa3236f80a990568447a57a51d057ca4dc79f623db5b7334f58d::tokenomic::TokenomicFundAddedEvent"),
        "parsedJson": Object {
            "cliff_ms": String("7776000000"),
            "linear_vesting_duration_ms": String("93312000000"),
            "milestone_percents": Array [],
            "milestone_times": Array [],
            "name": Array [
                Number(70),
                Number(85),
                Number(78),
                Number(68),
                Number(32),
                Number(65),
                Number(68),
                Number(86),
                Number(73),
                Number(83),
                Number(79),
                Number(82),
                Number(32),
                Number(80),
                Number(65),
                Number(82),
                Number(84),
                Number(78),
                Number(69),
                Number(82),
            ],
            "owner": String("0x38a7ccc61dcbbe36c9b02d8781322041d9e727ce55b1161010d0946468984679"),
            "pie_percent": String("400"),
            "tge_ms": String("1691244000000"),
            "unlock_percent": String("0"),
            "vesting_fund_total": String("4000000000000000"),
            "vesting_type": Number(3),
        },
        "bcs": String("8rUSZnW5y8pPrrmze3KhBf24pT4J7pGgEFpXSpizBPMiXjQvKJBoatq3BPxYF5ri6d1xcR7k2rivGZ1pR11zmuZ2nJ7tNspwNmQbp8JG2yzQixy49UszSa4hTFdCtmiJ8RwduTipZXbWg9vNc2myNKqLWdZfLT3U4z3Z"),
    },
]
----- Object changes ----
Array [
    Object {
        "type": String("mutated"),
        "sender": String("0x0dd0106a909560b8f2e0262e9946008e307ae7758fde5277853088d25b0b6c7f"),
        "owner": Object {
            "AddressOwner": String("0x0dd0106a909560b8f2e0262e9946008e307ae7758fde5277853088d25b0b6c7f"),
        },
        "objectType": String("0x2::coin::Coin<0x2::sui::SUI>"),
        "objectId": String("0x01ba063f3252b3d1a29d2f4ec03141f75139ff487245977963dcd0ea87ba6fb9"),
        "version": String("9098811"),
        "previousVersion": String("9098262"),
        "digest": String("27xDqjojTwm3zyq3UdisMschE6q2dMkdeofcBWAQcBpu"),
    },
    Object {
        "type": String("mutated"),
        "sender": String("0x0dd0106a909560b8f2e0262e9946008e307ae7758fde5277853088d25b0b6c7f"),
        "owner": Object {
            "Shared": Object {
                "initial_shared_version": Number(9096122),
            },
        },
        "objectType": String("0xa00d14642a0faa3236f80a990568447a57a51d057ca4dc79f623db5b7334f58d::tokenomic::TokenomicPie<0xb779486cfd6c19e9218cc7dc17c453014d2d9ba12d2ee4dbb0ec4e1e02ae1cca::spt::SPT>"),
        "objectId": String("0x23a3f3168b0b10dd5da2e73ccc689cf71d1a885d41c44b412a06ec2a0cb49cc0"),
        "version": String("9098811"),
        "previousVersion": String("9098261"),
        "digest": String("4ETfzURNciQ1xPQ6YCjrYVw3XdACMCWwkNt99sPDBi2v"),
    },
    Object {
        "type": String("mutated"),
        "sender": String("0x0dd0106a909560b8f2e0262e9946008e307ae7758fde5277853088d25b0b6c7f"),
        "owner": Object {
            "Shared": Object {
                "initial_shared_version": Number(9092575),
            },
        },
        "objectType": String("0xa00d14642a0faa3236f80a990568447a57a51d057ca4dc79f623db5b7334f58d::version::Version"),
        "objectId": String("0x4c8921b6b1cc5fcdb390ce07aa3bd804b7f4116177fb43d337510c875f78e297"),
        "version": String("9098811"),
        "previousVersion": String("9098261"),
        "digest": String("4prjuMHu646a39UsPBJBn3jkNmP547B7jrMAvmi3gai2"),
    },
    Object {
        "type": String("mutated"),
        "sender": String("0x0dd0106a909560b8f2e0262e9946008e307ae7758fde5277853088d25b0b6c7f"),
        "owner": Object {
            "AddressOwner": String("0x0dd0106a909560b8f2e0262e9946008e307ae7758fde5277853088d25b0b6c7f"),
        },
        "objectType": String("0xa00d14642a0faa3236f80a990568447a57a51d057ca4dc79f623db5b7334f58d::tokenomic::TAdminCap"),
        "objectId": String("0x89f8ca05dd63df070c395432cd0cb0bbc3d61b26eb79868bbb445373ad2ef555"),
        "version": String("9098811"),
        "previousVersion": String("9098261"),
        "digest": String("DDJkASsLfHDp3qAupwA4nNsTrXfYfHzkdPGbFxL5FdkD"),
    },
    Object {
        "type": String("created"),
        "sender": String("0x0dd0106a909560b8f2e0262e9946008e307ae7758fde5277853088d25b0b6c7f"),
        "owner": Object {
            "ObjectOwner": String("0x941273f80fe5e026e73ac4f3cb4fc04e3c190afeb229fd3019d1c01a07b1eab8"),
        },
        "objectType": String("0x2::dynamic_field::Field<address, 0xa00d14642a0faa3236f80a990568447a57a51d057ca4dc79f623db5b7334f58d::tokenomic::TokenomicFund<0xb779486cfd6c19e9218cc7dc17c453014d2d9ba12d2ee4dbb0ec4e1e02ae1cca::spt::SPT>>"),
        "objectId": String("0xd8f781649cb4239408ceb309257df29ab88906d24734cc45b4c54ae0d3f65c74"),
        "version": String("9098811"),
        "digest": String("4gtZNjHXZZSc4VXuqcqdg6zE85F6ayy4m28cuBzyZwn7"),
    },
]
----- Balance changes ----
Array [
    Object {
        "owner": Object {
            "AddressOwner": String("0x0dd0106a909560b8f2e0262e9946008e307ae7758fde5277853088d25b0b6c7f"),
        },
        "coinType": String("0x2::sui::SUI"),
        "amount": String("-3298304"),
    },
    Object {
        "owner": Object {
            "AddressOwner": String("0x0dd0106a909560b8f2e0262e9946008e307ae7758fde5277853088d25b0b6c7f"),
        },
        "coinType": String("0xb779486cfd6c19e9218cc7dc17c453014d2d9ba12d2ee4dbb0ec4e1e02ae1cca::spt::SPT"),
        "amount": String("-4000000000000000"),
    },
