[warn] Client/Server api version mismatch, client api version : 1.6.1, server api version : 1.5.0
----- Transaction Digest ----
BjKZydCjUHg8u2KqiXAXoTME5eEvDPBAUwWhkaNNJcFT
----- Transaction Data ----
Transaction Signature: [Signature(Ed25519SuiSignature(Ed25519SuiSignature([0, 114, 15, 212, 216, 15, 67, 4, 19, 198, 13, 150, 117, 203, 39, 205, 65, 25, 131, 220, 62, 40, 56, 193, 215, 38, 232, 214, 76, 21, 55, 133, 1, 13, 44, 159, 59, 97, 180, 107, 117, 222, 235, 24, 23, 69, 70, 202, 13, 143, 7, 154, 148, 75, 118, 18, 122, 26, 94, 98, 47, 231, 201, 247, 14, 176, 217, 222, 133, 52, 90, 34, 46, 196, 156, 241, 27, 169, 209, 148, 30, 23, 159, 43, 170, 95, 1, 5, 53, 139, 58, 159, 231, 67, 67, 97, 211])))]
Transaction Kind : Programmable
Inputs: [Object(ImmOrOwnedObject { object_id: 0x89f8ca05dd63df070c395432cd0cb0bbc3d61b26eb79868bbb445373ad2ef555, version: SequenceNumber(9098811), digest: o#DDJkASsLfHDp3qAupwA4nNsTrXfYfHzkdPGbFxL5FdkD }), Object(SharedObject { object_id: 0x23a3f3168b0b10dd5da2e73ccc689cf71d1a885d41c44b412a06ec2a0cb49cc0, initial_shared_version: SequenceNumber(9096122), mutable: true }), Pure(SuiPureValue { value_type: Some(Address), value: "0x697f8ea1c05efebda0ee72d7db7fa794b8a920cd816f8e16a666432af7c4b820" }), Pure(SuiPureValue { value_type: Some(Vector(U8)), value: "FUND MARKETING" }), Pure(SuiPureValue { value_type: Some(U8), value: 3 }), Pure(SuiPureValue { value_type: Some(U64), value: "1691244000000" }), Pure(SuiPureValue { value_type: Some(U64), value: "0" }), Object(ImmOrOwnedObject { object_id: 0x6d649175244e1f8ab14b0df42acee682db575e6f863ffec281730230d2475148, version: SequenceNumber(9098812), digest: o#BxxPyVQgaWm2iHr4o652ZNAYo53tzYpM4TCe4ty4zMUx }), Pure(SuiPureValue { value_type: Some(U64), value: "500" }), Pure(SuiPureValue { value_type: Some(U64), value: "93312000000" }), Object(SharedObject { object_id: 0x0000000000000000000000000000000000000000000000000000000000000006, initial_shared_version: SequenceNumber(1), mutable: false }), Object(SharedObject { object_id: 0x4c8921b6b1cc5fcdb390ce07aa3bd804b7f4116177fb43d337510c875f78e297, initial_shared_version: SequenceNumber(9092575), mutable: true }), Pure(SuiPureValue { value_type: Some(Vector(U64)), value: [] })]
Commands: [
  MoveCall(0xa00d14642a0faa3236f80a990568447a57a51d057ca4dc79f623db5b7334f58d::tokenomic_entries::addFund<0xb779486cfd6c19e9218cc7dc17c453014d2d9ba12d2ee4dbb0ec4e1e02ae1cca::spt::SPT>(Input(0),Input(1),Input(2),Input(3),Input(4),Input(5),Input(6),Input(7),Input(8),Input(9),Input(10),Input(11),Input(12),Input(12))),
]

Sender: 0x0dd0106a909560b8f2e0262e9946008e307ae7758fde5277853088d25b0b6c7f
Gas Payment: Object ID: 0x01ba063f3252b3d1a29d2f4ec03141f75139ff487245977963dcd0ea87ba6fb9, version: 0x8ad63c, digest: Fy2WABfBwvdtWFTSEewxWvKqTAHkG7g1zr5QizdfvkaU
Gas Owner: 0x0dd0106a909560b8f2e0262e9946008e307ae7758fde5277853088d25b0b6c7f
Gas Price: 790
Gas Budget: 200000000

----- Transaction Effects ----
Status : Success
Created Objects:
  - ID: 0x9e90f138382bdd8842f5e40d21169a0cd7c67ee5f91972f03424487e8e6b06f8 , Owner: Object ID: ( 0x941273f80fe5e026e73ac4f3cb4fc04e3c190afeb229fd3019d1c01a07b1eab8 )
Mutated Objects:
  - ID: 0x01ba063f3252b3d1a29d2f4ec03141f75139ff487245977963dcd0ea87ba6fb9 , Owner: Account Address ( 0x0dd0106a909560b8f2e0262e9946008e307ae7758fde5277853088d25b0b6c7f )
  - ID: 0x23a3f3168b0b10dd5da2e73ccc689cf71d1a885d41c44b412a06ec2a0cb49cc0 , Owner: Shared
  - ID: 0x4c8921b6b1cc5fcdb390ce07aa3bd804b7f4116177fb43d337510c875f78e297 , Owner: Shared
  - ID: 0x89f8ca05dd63df070c395432cd0cb0bbc3d61b26eb79868bbb445373ad2ef555 , Owner: Account Address ( 0x0dd0106a909560b8f2e0262e9946008e307ae7758fde5277853088d25b0b6c7f )
Wrapped Objects:
  - ID: 0x6d649175244e1f8ab14b0df42acee682db575e6f863ffec281730230d2475148

----- Events ----
Array [
    Object {
        "id": Object {
            "txDigest": String("BjKZydCjUHg8u2KqiXAXoTME5eEvDPBAUwWhkaNNJcFT"),
            "eventSeq": String("0"),
        },
        "packageId": String("0xa00d14642a0faa3236f80a990568447a57a51d057ca4dc79f623db5b7334f58d"),
        "transactionModule": String("tokenomic_entries"),
        "sender": String("0x0dd0106a909560b8f2e0262e9946008e307ae7758fde5277853088d25b0b6c7f"),
        "type": String("0xa00d14642a0faa3236f80a990568447a57a51d057ca4dc79f623db5b7334f58d::tokenomic::TokenomicFundAddedEvent"),
        "parsedJson": Object {
            "cliff_ms": String("0"),
            "linear_vesting_duration_ms": String("93312000000"),
            "milestone_percents": Array [],
            "milestone_times": Array [],
            "name": Array [
                Number(70),
                Number(85),
                Number(78),
                Number(68),
                Number(32),
                Number(77),
                Number(65),
                Number(82),
                Number(75),
                Number(69),
                Number(84),
                Number(73),
                Number(78),
                Number(71),
            ],
            "owner": String("0x697f8ea1c05efebda0ee72d7db7fa794b8a920cd816f8e16a666432af7c4b820"),
            "pie_percent": String("900"),
            "tge_ms": String("1691244000000"),
            "unlock_percent": String("500"),
            "vesting_fund_total": String("9000000000000000"),
            "vesting_type": Number(3),
        },
        "bcs": String("7eswm9h3tC2aKA1DFPyWjjQRp3koT2iDapvPf9osQdLZBB9HBubF5emFxPnM4YfEUPffrQ4NPYgAXRUtNc9MGpzBg8vi7ew4jwE9URjcDbeQCBZEQmcRGfwgaHqw9biunjWDrRC12NEgPQ5WA3aKzP8ydVGj"),
    },
]
----- Object changes ----
Array [
    Object {
        "type": String("mutated"),
        "sender": String("0x0dd0106a909560b8f2e0262e9946008e307ae7758fde5277853088d25b0b6c7f"),
        "owner": Object {
            "AddressOwner": String("0x0dd0106a909560b8f2e0262e9946008e307ae7758fde5277853088d25b0b6c7f"),
        },
        "objectType": String("0x2::coin::Coin<0x2::sui::SUI>"),
        "objectId": String("0x01ba063f3252b3d1a29d2f4ec03141f75139ff487245977963dcd0ea87ba6fb9"),
        "version": String("9099257"),
        "previousVersion": String("9098812"),
        "digest": String("3oBNsUqBpi9LWDD2tGGSSX7C91Sohe9NTL61jv9wN4Uo"),
    },
    Object {
        "type": String("mutated"),
        "sender": String("0x0dd0106a909560b8f2e0262e9946008e307ae7758fde5277853088d25b0b6c7f"),
        "owner": Object {
            "Shared": Object {
                "initial_shared_version": Number(9096122),
            },
        },
        "objectType": String("0xa00d14642a0faa3236f80a990568447a57a51d057ca4dc79f623db5b7334f58d::tokenomic::TokenomicPie<0xb779486cfd6c19e9218cc7dc17c453014d2d9ba12d2ee4dbb0ec4e1e02ae1cca::spt::SPT>"),
        "objectId": String("0x23a3f3168b0b10dd5da2e73ccc689cf71d1a885d41c44b412a06ec2a0cb49cc0"),
        "version": String("9099257"),
        "previousVersion": String("9098811"),
        "digest": String("r9pUxtjrPg8DwcsNwQouKHQzLpVGuU22fP2wLEn9SLp"),
    },
    Object {
        "type": String("mutated"),
        "sender": String("0x0dd0106a909560b8f2e0262e9946008e307ae7758fde5277853088d25b0b6c7f"),
        "owner": Object {
            "Shared": Object {
                "initial_shared_version": Number(9092575),
            },
        },
        "objectType": String("0xa00d14642a0faa3236f80a990568447a57a51d057ca4dc79f623db5b7334f58d::version::Version"),
        "objectId": String("0x4c8921b6b1cc5fcdb390ce07aa3bd804b7f4116177fb43d337510c875f78e297"),
        "version": String("9099257"),
        "previousVersion": String("9098811"),
        "digest": String("JC1MGiFZ1mTiEx14DAcLnk7mW9zX8J6BPgLtVwkUijD4"),
    },
    Object {
        "type": String("mutated"),
        "sender": String("0x0dd0106a909560b8f2e0262e9946008e307ae7758fde5277853088d25b0b6c7f"),
        "owner": Object {
            "AddressOwner": String("0x0dd0106a909560b8f2e0262e9946008e307ae7758fde5277853088d25b0b6c7f"),
        },
        "objectType": String("0xa00d14642a0faa3236f80a990568447a57a51d057ca4dc79f623db5b7334f58d::tokenomic::TAdminCap"),
        "objectId": String("0x89f8ca05dd63df070c395432cd0cb0bbc3d61b26eb79868bbb445373ad2ef555"),
        "version": String("9099257"),
        "previousVersion": String("9098811"),
        "digest": String("GM5EjPQkbSqEuQJ8vZthCbF76Jy5XvY6DN1pikd5wsn7"),
    },
    Object {
        "type": String("created"),
        "sender": String("0x0dd0106a909560b8f2e0262e9946008e307ae7758fde5277853088d25b0b6c7f"),
        "owner": Object {
            "ObjectOwner": String("0x941273f80fe5e026e73ac4f3cb4fc04e3c190afeb229fd3019d1c01a07b1eab8"),
        },
        "objectType": String("0x2::dynamic_field::Field<address, 0xa00d14642a0faa3236f80a990568447a57a51d057ca4dc79f623db5b7334f58d::tokenomic::TokenomicFund<0xb779486cfd6c19e9218cc7dc17c453014d2d9ba12d2ee4dbb0ec4e1e02ae1cca::spt::SPT>>"),
        "objectId": String("0x9e90f138382bdd8842f5e40d21169a0cd7c67ee5f91972f03424487e8e6b06f8"),
        "version": String("9099257"),
        "digest": String("dz2nZhzBPrjcP7cenpEC2rp9y3K2V4MS1iW5s1FLDGt"),
    },
]
----- Balance changes ----
Array [
    Object {
        "owner": Object {
            "AddressOwner": String("0x0dd0106a909560b8f2e0262e9946008e307ae7758fde5277853088d25b0b6c7f"),
        },
        "coinType": String("0x2::sui::SUI"),
        "amount": String("-3252704"),
    },
    Object {
        "owner": Object {
            "AddressOwner": String("0x0dd0106a909560b8f2e0262e9946008e307ae7758fde5277853088d25b0b6c7f"),
        },
        "coinType": String("0xb779486cfd6c19e9218cc7dc17c453014d2d9ba12d2ee4dbb0ec4e1e02ae1cca::spt::SPT"),
        "amount": String("-9000000000000000"),
    },
]
