[warn] Client/Server api version mismatch, client api version : 1.6.1, server api version : 1.5.0
----- Transaction Digest ----
EfhxqPs2QS4GSW9ngwqYLRnn1infzF14LnR2VWULMhau
----- Transaction Data ----
Transaction Signature: [Signature(Ed25519SuiSignature(Ed25519SuiSignature([0, 231, 196, 71, 68, 174, 2, 191, 231, 200, 62, 200, 4, 9, 191, 25, 21, 243, 232, 184, 72, 15, 239, 195, 215, 80, 220, 148, 202, 242, 195, 194, 201, 117, 151, 70, 58, 202, 220, 58, 139, 218, 15, 66, 173, 144, 209, 205, 90, 190, 76, 238, 75, 210, 35, 123, 25, 154, 91, 226, 214, 99, 216, 169, 11, 176, 217, 222, 133, 52, 90, 34, 46, 196, 156, 241, 27, 169, 209, 148, 30, 23, 159, 43, 170, 95, 1, 5, 53, 139, 58, 159, 231, 67, 67, 97, 211])))]
Transaction Kind : Programmable
Inputs: [Object(ImmOrOwnedObject { object_id: 0x89f8ca05dd63df070c395432cd0cb0bbc3d61b26eb79868bbb445373ad2ef555, version: SequenceNumber(9099257), digest: o#GM5EjPQkbSqEuQJ8vZthCbF76Jy5XvY6DN1pikd5wsn7 }), Object(SharedObject { object_id: 0x23a3f3168b0b10dd5da2e73ccc689cf71d1a885d41c44b412a06ec2a0cb49cc0, initial_shared_version: SequenceNumber(9096122), mutable: true }), Pure(SuiPureValue { value_type: Some(Address), value: "0x89e0d7a3e0ce46a8bab075dfe81b84790c8f3b0860a88b8ba09d27e87b50073e" }), Pure(SuiPureValue { value_type: Some(Vector(U8)), value: "FUND ECOSYSTEM" }), Pure(SuiPureValue { value_type: Some(U8), value: 3 }), Pure(SuiPureValue { value_type: Some(U64), value: "1691244000000" }), Pure(SuiPureValue { value_type: Some(U64), value: "15552000000" }), Object(ImmOrOwnedObject { object_id: 0x74a7993a2ae75e86ec5f5a1d00ba322bc04099570c85a62be1a890a86c70eb06, version: SequenceNumber(9099258), digest: o#6EL8Bd29x8jAixrAqFez89HxDXLxtSWYfMKsDwvk3UNu }), Pure(SuiPureValue { value_type: Some(U64), value: "0" }), Pure(SuiPureValue { value_type: Some(U64), value: "93312000000" }), Object(SharedObject { object_id: 0x0000000000000000000000000000000000000000000000000000000000000006, initial_shared_version: SequenceNumber(1), mutable: false }), Object(SharedObject { object_id: 0x4c8921b6b1cc5fcdb390ce07aa3bd804b7f4116177fb43d337510c875f78e297, initial_shared_version: SequenceNumber(9092575), mutable: true }), Pure(SuiPureValue { value_type: Some(Vector(U64)), value: [] })]
Commands: [
  MoveCall(0xa00d14642a0faa3236f80a990568447a57a51d057ca4dc79f623db5b7334f58d::tokenomic_entries::addFund<0xb779486cfd6c19e9218cc7dc17c453014d2d9ba12d2ee4dbb0ec4e1e02ae1cca::spt::SPT>(Input(0),Input(1),Input(2),Input(3),Input(4),Input(5),Input(6),Input(7),Input(8),Input(9),Input(10),Input(11),Input(12),Input(12))),
]

Sender: 0x0dd0106a909560b8f2e0262e9946008e307ae7758fde5277853088d25b0b6c7f
Gas Payment: Object ID: 0x01ba063f3252b3d1a29d2f4ec03141f75139ff487245977963dcd0ea87ba6fb9, version: 0x8ad7fa, digest: FjUYyL4ALYudonjM64wyNnASWET71RGmSTfWTyDwMSh3
Gas Owner: 0x0dd0106a909560b8f2e0262e9946008e307ae7758fde5277853088d25b0b6c7f
Gas Price: 790
Gas Budget: 200000000

----- Transaction Effects ----
Status : Success
Created Objects:
  - ID: 0x78467d53432433dd61642bea4a6f13aa0a47326de591acf6641b12fe26e3080a , Owner: Object ID: ( 0x941273f80fe5e026e73ac4f3cb4fc04e3c190afeb229fd3019d1c01a07b1eab8 )
Mutated Objects:
  - ID: 0x01ba063f3252b3d1a29d2f4ec03141f75139ff487245977963dcd0ea87ba6fb9 , Owner: Account Address ( 0x0dd0106a909560b8f2e0262e9946008e307ae7758fde5277853088d25b0b6c7f )
  - ID: 0x23a3f3168b0b10dd5da2e73ccc689cf71d1a885d41c44b412a06ec2a0cb49cc0 , Owner: Shared
  - ID: 0x4c8921b6b1cc5fcdb390ce07aa3bd804b7f4116177fb43d337510c875f78e297 , Owner: Shared
  - ID: 0x89f8ca05dd63df070c395432cd0cb0bbc3d61b26eb79868bbb445373ad2ef555 , Owner: Account Address ( 0x0dd0106a909560b8f2e0262e9946008e307ae7758fde5277853088d25b0b6c7f )
Wrapped Objects:
  - ID: 0x74a7993a2ae75e86ec5f5a1d00ba322bc04099570c85a62be1a890a86c70eb06

----- Events ----
Array [
    Object {
        "id": Object {
            "txDigest": String("EfhxqPs2QS4GSW9ngwqYLRnn1infzF14LnR2VWULMhau"),
            "eventSeq": String("0"),
        },
        "packageId": String("0xa00d14642a0faa3236f80a990568447a57a51d057ca4dc79f623db5b7334f58d"),
        "transactionModule": String("tokenomic_entries"),
        "sender": String("0x0dd0106a909560b8f2e0262e9946008e307ae7758fde5277853088d25b0b6c7f"),
        "type": String("0xa00d14642a0faa3236f80a990568447a57a51d057ca4dc79f623db5b7334f58d::tokenomic::TokenomicFundAddedEvent"),
        "parsedJson": Object {
            "cliff_ms": String("15552000000"),
            "linear_vesting_duration_ms": String("93312000000"),
            "milestone_percents": Array [],
            "milestone_times": Array [],
            "name": Array [
                Number(70),
                Number(85),
                Number(78),
                Number(68),
                Number(32),
                Number(69),
                Number(67),
                Number(79),
                Number(83),
                Number(89),
                Number(83),
                Number(84),
                Number(69),
                Number(77),
            ],
            "owner": String("0x89e0d7a3e0ce46a8bab075dfe81b84790c8f3b0860a88b8ba09d27e87b50073e"),
            "pie_percent": String("1000"),
            "tge_ms": String("1691244000000"),
            "unlock_percent": String("0"),
            "vesting_fund_total": String("10000000000000000"),
            "vesting_type": Number(3),
        },
        "bcs": String("9hKD3rYE9zxrjHPKSq6mtFe4w2cKgpp7hefmXq169JAitFbLwHL6T1HP6NhnbM4fTM5mt4rUEfWVCBiBW5wcJaqsgTwbu1pKr9eV5BHZohe7aKEzivQrCQX8KYbAaUpWn1p7Ps4h2nPrzDEaExPvzQe4t5Dq"),
    },
]
----- Object changes ----
Array [
    Object {
        "type": String("mutated"),
        "sender": String("0x0dd0106a909560b8f2e0262e9946008e307ae7758fde5277853088d25b0b6c7f"),
        "owner": Object {
            "AddressOwner": String("0x0dd0106a909560b8f2e0262e9946008e307ae7758fde5277853088d25b0b6c7f"),
        },
        "objectType": String("0x2::coin::Coin<0x2::sui::SUI>"),
        "objectId": String("0x01ba063f3252b3d1a29d2f4ec03141f75139ff487245977963dcd0ea87ba6fb9"),
        "version": String("9099793"),
        "previousVersion": String("9099258"),
        "digest": String("CFEyV1s4ehgbDbddZb7BUd59EAHkyyskY8HRWwT5jjec"),
    },
    Object {
        "type": String("mutated"),
        "sender": String("0x0dd0106a909560b8f2e0262e9946008e307ae7758fde5277853088d25b0b6c7f"),
        "owner": Object {
            "Shared": Object {
                "initial_shared_version": Number(9096122),
            },
        },
        "objectType": String("0xa00d14642a0faa3236f80a990568447a57a51d057ca4dc79f623db5b7334f58d::tokenomic::TokenomicPie<0xb779486cfd6c19e9218cc7dc17c453014d2d9ba12d2ee4dbb0ec4e1e02ae1cca::spt::SPT>"),
        "objectId": String("0x23a3f3168b0b10dd5da2e73ccc689cf71d1a885d41c44b412a06ec2a0cb49cc0"),
        "version": String("9099793"),
        "previousVersion": String("9099257"),
        "digest": String("DY8Gc6FghG5iJNjqwW2GzUNmD47roSTgBdnsm7c25Tf2"),
    },
    Object {
        "type": String("mutated"),
        "sender": String("0x0dd0106a909560b8f2e0262e9946008e307ae7758fde5277853088d25b0b6c7f"),
        "owner": Object {
            "Shared": Object {
                "initial_shared_version": Number(9092575),
            },
        },
        "objectType": String("0xa00d14642a0faa3236f80a990568447a57a51d057ca4dc79f623db5b7334f58d::version::Version"),
        "objectId": String("0x4c8921b6b1cc5fcdb390ce07aa3bd804b7f4116177fb43d337510c875f78e297"),
        "version": String("9099793"),
        "previousVersion": String("9099257"),
        "digest": String("DtyTuRhQZ5pxajRxZBLd9mErqY2PsmpGGmDr1PFE6mXJ"),
    },
    Object {
        "type": String("mutated"),
        "sender": String("0x0dd0106a909560b8f2e0262e9946008e307ae7758fde5277853088d25b0b6c7f"),
        "owner": Object {
            "AddressOwner": String("0x0dd0106a909560b8f2e0262e9946008e307ae7758fde5277853088d25b0b6c7f"),
        },
        "objectType": String("0xa00d14642a0faa3236f80a990568447a57a51d057ca4dc79f623db5b7334f58d::tokenomic::TAdminCap"),
        "objectId": String("0x89f8ca05dd63df070c395432cd0cb0bbc3d61b26eb79868bbb445373ad2ef555"),
        "version": String("9099793"),
        "previousVersion": String("9099257"),
        "digest": String("9gzZ8nvcPWhezD7BRKsUE23Vcy5rQ4ALLA1XLeNdTc5o"),
    },
    Object {
        "type": String("created"),
        "sender": String("0x0dd0106a909560b8f2e0262e9946008e307ae7758fde5277853088d25b0b6c7f"),
        "owner": Object {
            "ObjectOwner": String("0x941273f80fe5e026e73ac4f3cb4fc04e3c190afeb229fd3019d1c01a07b1eab8"),
        },
        "objectType": String("0x2::dynamic_field::Field<address, 0xa00d14642a0faa3236f80a990568447a57a51d057ca4dc79f623db5b7334f58d::tokenomic::TokenomicFund<0xb779486cfd6c19e9218cc7dc17c453014d2d9ba12d2ee4dbb0ec4e1e02ae1cca::spt::SPT>>"),
        "objectId": String("0x78467d53432433dd61642bea4a6f13aa0a47326de591acf6641b12fe26e3080a"),
        "version": String("9099793"),
        "digest": String("8TMMfW241XmudMFhvhUJcu2K4jHUyKTMm89bc41EJCVu"),
    },
]
----- Balance changes ----
Array [
    Object {
        "owner": Object {
            "AddressOwner": String("0x0dd0106a909560b8f2e0262e9946008e307ae7758fde5277853088d25b0b6c7f"),
        },
        "coinType": String("0x2::sui::SUI"),
        "amount": String("-3252704"),
    },
    Object {
        "owner": Object {
            "AddressOwner": String("0x0dd0106a909560b8f2e0262e9946008e307ae7758fde5277853088d25b0b6c7f"),
        },
        "coinType": String("0xb779486cfd6c19e9218cc7dc17c453014d2d9ba12d2ee4dbb0ec4e1e02ae1cca::spt::SPT"),
        "amount": String("-10000000000000000"),
    },
]
