[warn] Client/Server api version mismatch, client api version : 1.6.1, server api version : 1.6.3
----- Transaction Digest ----
6vRuoVwJ8Z5PyS767g6ZQPRKBJ1LG5u58zZAoR2D1hq7
----- Transaction Data ----
Transaction Signature: [Signature(Ed25519SuiSignature(Ed25519SuiSignature([0, 125, 116, 102, 26, 234, 6, 246, 10, 117, 95, 233, 124, 210, 59, 60, 230, 3, 198, 33, 150, 64, 117, 80, 231, 84, 49, 231, 140, 151, 34, 220, 89, 87, 68, 190, 122, 65, 82, 146, 84, 68, 238, 68, 51, 49, 241, 16, 91, 32, 95, 4, 240, 252, 238, 23, 218, 88, 58, 247, 101, 147, 22, 59, 14, 176, 217, 222, 133, 52, 90, 34, 46, 196, 156, 241, 27, 169, 209, 148, 30, 23, 159, 43, 170, 95, 1, 5, 53, 139, 58, 159, 231, 67, 67, 97, 211])))]
Transaction Kind : Programmable
Inputs: [Object(ImmOrOwnedObject { object_id: 0x89f8ca05dd63df070c395432cd0cb0bbc3d61b26eb79868bbb445373ad2ef555, version: SequenceNumber(9100717), digest: o#CxuRw41itRW13qkruZodCVa86pKJ5DUKwfyfpDVjwrQK }), Object(SharedObject { object_id: 0x23a3f3168b0b10dd5da2e73ccc689cf71d1a885d41c44b412a06ec2a0cb49cc0, initial_shared_version: SequenceNumber(9096122), mutable: true }), Pure(SuiPureValue { value_type: Some(Address), value: "0x4335958e123b9504e023e58c4630a817d5a17f1334e51cba5c99f3d130799c4c" }), Pure(SuiPureValue { value_type: Some(Vector(U8)), value: "FUND PRIVATE" }), Pure(SuiPureValue { value_type: Some(U8), value: 3 }), Pure(SuiPureValue { value_type: Some(U64), value: "1691244000000" }), Pure(SuiPureValue { value_type: Some(U64), value: "5184000000" }), Object(ImmOrOwnedObject { object_id: 0x2b348e40eb523d7c7a380e6f1c3aa67a5ef85997971bf8f6788b117a7d8333d1, version: SequenceNumber(15472088), digest: o#HRgBVyQYy4L8Eg2NdpUghacJZTKDKvi4tcsjdS3YcDYn }), Pure(SuiPureValue { value_type: Some(U64), value: "500" }), Pure(SuiPureValue { value_type: Some(U64), value: "38880000000" }), Object(SharedObject { object_id: 0x0000000000000000000000000000000000000000000000000000000000000006, initial_shared_version: SequenceNumber(1), mutable: false }), Object(SharedObject { object_id: 0x4c8921b6b1cc5fcdb390ce07aa3bd804b7f4116177fb43d337510c875f78e297, initial_shared_version: SequenceNumber(9092575), mutable: true }), Pure(SuiPureValue { value_type: Some(Vector(U64)), value: [] })]
Commands: [
  MoveCall(0xa00d14642a0faa3236f80a990568447a57a51d057ca4dc79f623db5b7334f58d::tokenomic_entries::addFund<0xb779486cfd6c19e9218cc7dc17c453014d2d9ba12d2ee4dbb0ec4e1e02ae1cca::spt::SPT>(Input(0),Input(1),Input(2),Input(3),Input(4),Input(5),Input(6),Input(7),Input(8),Input(9),Input(10),Input(11),Input(12),Input(12))),
]

Sender: 0x0dd0106a909560b8f2e0262e9946008e307ae7758fde5277853088d25b0b6c7f
Gas Payment: Object ID: 0x01ba063f3252b3d1a29d2f4ec03141f75139ff487245977963dcd0ea87ba6fb9, version: 0xec15d8, digest: GHqeVWtNGFXnTQxNNjd6v5cQVwVGF7qLZ1oSgajDBuJQ
Gas Owner: 0x0dd0106a909560b8f2e0262e9946008e307ae7758fde5277853088d25b0b6c7f
Gas Price: 790
Gas Budget: 200000000

----- Transaction Effects ----
Status : Success
Created Objects:
  - ID: 0x1a16add8f49a2bbedbcf7dc4ee3e7c2b3cf327fd89a77d4cfceba2c52d600995 , Owner: Object ID: ( 0x941273f80fe5e026e73ac4f3cb4fc04e3c190afeb229fd3019d1c01a07b1eab8 )
Mutated Objects:
  - ID: 0x01ba063f3252b3d1a29d2f4ec03141f75139ff487245977963dcd0ea87ba6fb9 , Owner: Account Address ( 0x0dd0106a909560b8f2e0262e9946008e307ae7758fde5277853088d25b0b6c7f )
  - ID: 0x23a3f3168b0b10dd5da2e73ccc689cf71d1a885d41c44b412a06ec2a0cb49cc0 , Owner: Shared
  - ID: 0x4c8921b6b1cc5fcdb390ce07aa3bd804b7f4116177fb43d337510c875f78e297 , Owner: Shared
  - ID: 0x89f8ca05dd63df070c395432cd0cb0bbc3d61b26eb79868bbb445373ad2ef555 , Owner: Account Address ( 0x0dd0106a909560b8f2e0262e9946008e307ae7758fde5277853088d25b0b6c7f )
Wrapped Objects:
  - ID: 0x2b348e40eb523d7c7a380e6f1c3aa67a5ef85997971bf8f6788b117a7d8333d1

----- Events ----
Array [
    Object {
        "id": Object {
            "txDigest": String("6vRuoVwJ8Z5PyS767g6ZQPRKBJ1LG5u58zZAoR2D1hq7"),
            "eventSeq": String("0"),
        },
        "packageId": String("0xa00d14642a0faa3236f80a990568447a57a51d057ca4dc79f623db5b7334f58d"),
        "transactionModule": String("tokenomic_entries"),
        "sender": String("0x0dd0106a909560b8f2e0262e9946008e307ae7758fde5277853088d25b0b6c7f"),
        "type": String("0xa00d14642a0faa3236f80a990568447a57a51d057ca4dc79f623db5b7334f58d::tokenomic::TokenomicFundAddedEvent"),
        "parsedJson": Object {
            "cliff_ms": String("5184000000"),
            "linear_vesting_duration_ms": String("38880000000"),
            "milestone_percents": Array [],
            "milestone_times": Array [],
            "name": Array [
                Number(70),
                Number(85),
                Number(78),
                Number(68),
                Number(32),
                Number(80),
                Number(82),
                Number(73),
                Number(86),
                Number(65),
                Number(84),
                Number(69),
            ],
            "owner": String("0x4335958e123b9504e023e58c4630a817d5a17f1334e51cba5c99f3d130799c4c"),
            "pie_percent": String("686"),
            "tge_ms": String("1691244000000"),
            "unlock_percent": String("500"),
            "vesting_fund_total": String("6867659625830785"),
            "vesting_type": Number(3),
        },
        "bcs": String("DcsuxAVQGzz3y59f98jS75iZLAZqjBCNNTb4YxtaJU1nWC7SuYmM4XZRfrGdCcRj6khZSQYLQFyJzTfsrXrmq8Set8f5JcV6pLbQpDQwuN1aTJriLkwPfXnekrKhLBuQk1wp5fHCKhghT1B3dDWdnq9Sf"),
    },
]
----- Object changes ----
Array [
    Object {
        "type": String("mutated"),
        "sender": String("0x0dd0106a909560b8f2e0262e9946008e307ae7758fde5277853088d25b0b6c7f"),
        "owner": Object {
            "AddressOwner": String("0x0dd0106a909560b8f2e0262e9946008e307ae7758fde5277853088d25b0b6c7f"),
        },
        "objectType": String("0x2::coin::Coin<0x2::sui::SUI>"),
        "objectId": String("0x01ba063f3252b3d1a29d2f4ec03141f75139ff487245977963dcd0ea87ba6fb9"),
        "version": String("15472089"),
        "previousVersion": String("15472088"),
        "digest": String("52XV87ffStFhLBy7ZtTratL5HqW6yzo1KRkZwZQBLakf"),
    },
    Object {
        "type": String("mutated"),
        "sender": String("0x0dd0106a909560b8f2e0262e9946008e307ae7758fde5277853088d25b0b6c7f"),
        "owner": Object {
            "Shared": Object {
                "initial_shared_version": Number(9096122),
            },
        },
        "objectType": String("0xa00d14642a0faa3236f80a990568447a57a51d057ca4dc79f623db5b7334f58d::tokenomic::TokenomicPie<0xb779486cfd6c19e9218cc7dc17c453014d2d9ba12d2ee4dbb0ec4e1e02ae1cca::spt::SPT>"),
        "objectId": String("0x23a3f3168b0b10dd5da2e73ccc689cf71d1a885d41c44b412a06ec2a0cb49cc0"),
        "version": String("15472089"),
        "previousVersion": String("9100717"),
        "digest": String("4qpDsYp4b58VAx7bb9SxZxH4o7W2nwJozdrULWojTSwi"),
    },
    Object {
        "type": String("mutated"),
        "sender": String("0x0dd0106a909560b8f2e0262e9946008e307ae7758fde5277853088d25b0b6c7f"),
        "owner": Object {
            "Shared": Object {
                "initial_shared_version": Number(9092575),
            },
        },
        "objectType": String("0xa00d14642a0faa3236f80a990568447a57a51d057ca4dc79f623db5b7334f58d::version::Version"),
        "objectId": String("0x4c8921b6b1cc5fcdb390ce07aa3bd804b7f4116177fb43d337510c875f78e297"),
        "version": String("15472089"),
        "previousVersion": String("9100717"),
        "digest": String("2MHZYZTuobWYsjai4TEDt9DwauompXGkyhm2qmTB8Kzf"),
    },
    Object {
        "type": String("mutated"),
        "sender": String("0x0dd0106a909560b8f2e0262e9946008e307ae7758fde5277853088d25b0b6c7f"),
        "owner": Object {
            "AddressOwner": String("0x0dd0106a909560b8f2e0262e9946008e307ae7758fde5277853088d25b0b6c7f"),
        },
        "objectType": String("0xa00d14642a0faa3236f80a990568447a57a51d057ca4dc79f623db5b7334f58d::tokenomic::TAdminCap"),
        "objectId": String("0x89f8ca05dd63df070c395432cd0cb0bbc3d61b26eb79868bbb445373ad2ef555"),
        "version": String("15472089"),
        "previousVersion": String("9100717"),
        "digest": String("4CV9HVop5L4eXLFYGcLU7t49eqUWDS3Zh6AjzxiZVkSH"),
    },
    Object {
        "type": String("created"),
        "sender": String("0x0dd0106a909560b8f2e0262e9946008e307ae7758fde5277853088d25b0b6c7f"),
        "owner": Object {
            "ObjectOwner": String("0x941273f80fe5e026e73ac4f3cb4fc04e3c190afeb229fd3019d1c01a07b1eab8"),
        },
        "objectType": String("0x2::dynamic_field::Field<address, 0xa00d14642a0faa3236f80a990568447a57a51d057ca4dc79f623db5b7334f58d::tokenomic::TokenomicFund<0xb779486cfd6c19e9218cc7dc17c453014d2d9ba12d2ee4dbb0ec4e1e02ae1cca::spt::SPT>>"),
        "objectId": String("0x1a16add8f49a2bbedbcf7dc4ee3e7c2b3cf327fd89a77d4cfceba2c52d600995"),
        "version": String("15472089"),
        "digest": String("AKqa4iwoHQiAYvz7dJBBRWjDU1p4zLuqf1ew9BG4uDAP"),
    },
]
----- Balance changes ----
Array [
    Object {
        "owner": Object {
            "AddressOwner": String("0x0dd0106a909560b8f2e0262e9946008e307ae7758fde5277853088d25b0b6c7f"),
        },
        "coinType": String("0x2::sui::SUI"),
        "amount": String("-3237504"),
    },
    Object {
        "owner": Object {
            "AddressOwner": String("0x0dd0106a909560b8f2e0262e9946008e307ae7758fde5277853088d25b0b6c7f"),
        },
        "coinType": String("0xb779486cfd6c19e9218cc7dc17c453014d2d9ba12d2ee4dbb0ec4e1e02ae1cca::spt::SPT"),
        "amount": String("-6867659625830785"),
    },
]
