[warn] Client/Server api version mismatch, client api version : 1.6.1, server api version : 1.5.0
----- Transaction Digest ----
CeLChs19fcs6HGQ5bdLWY4PfkixdsjFPxJ2fq5rF38Tk
----- Transaction Data ----
Transaction Signature: [Signature(Ed25519SuiSignature(Ed25519SuiSignature([0, 87, 0, 167, 163, 174, 178, 61, 47, 251, 155, 46, 50, 231, 153, 103, 167, 59, 210, 238, 12, 105, 204, 76, 139, 105, 89, 200, 177, 245, 137, 110, 101, 111, 12, 155, 219, 159, 7, 30, 58, 178, 82, 73, 215, 218, 62, 42, 129, 167, 201, 118, 97, 206, 181, 2, 174, 247, 168, 131, 188, 186, 245, 44, 2, 176, 217, 222, 133, 52, 90, 34, 46, 196, 156, 241, 27, 169, 209, 148, 30, 23, 159, 43, 170, 95, 1, 5, 53, 139, 58, 159, 231, 67, 67, 97, 211])))]
Transaction Kind : Programmable
Inputs: [Object(ImmOrOwnedObject { object_id: 0x89f8ca05dd63df070c395432cd0cb0bbc3d61b26eb79868bbb445373ad2ef555, version: SequenceNumber(9096466), digest: o#EjmSWdVQxX5tcuEJDJrBNMV17PxRZBq3eVP5awayD2P2 }), Object(SharedObject { object_id: 0x23a3f3168b0b10dd5da2e73ccc689cf71d1a885d41c44b412a06ec2a0cb49cc0, initial_shared_version: SequenceNumber(9096122), mutable: true }), Pure(SuiPureValue { value_type: Some(Address), value: "0x2e02f48413347c39e3cd3dd0430dc213f2ff1525af0ebae6e62c3191648d4221" }), Pure(SuiPureValue { value_type: Some(Vector(U8)), value: "FUND FOUNDATION" }), Pure(SuiPureValue { value_type: Some(U8), value: 3 }), Pure(SuiPureValue { value_type: Some(U64), value: "1691244000000" }), Pure(SuiPureValue { value_type: Some(U64), value: "31104000000" }), Object(ImmOrOwnedObject { object_id: 0xe396b90958d29034a7c01d87eaa86675f0941b2006d002862ef209ee90b80ef5, version: SequenceNumber(9096467), digest: o#3jsjepqtwEHYSr2JLp4rHMyuX12bRiRM8d6t1rSJfMuL }), Pure(SuiPureValue { value_type: Some(U64), value: "0" }), Pure(SuiPureValue { value_type: Some(U64), value: "124416000000" }), Object(SharedObject { object_id: 0x0000000000000000000000000000000000000000000000000000000000000006, initial_shared_version: SequenceNumber(1), mutable: false }), Object(SharedObject { object_id: 0x4c8921b6b1cc5fcdb390ce07aa3bd804b7f4116177fb43d337510c875f78e297, initial_shared_version: SequenceNumber(9092575), mutable: true }), Pure(SuiPureValue { value_type: Some(Vector(U64)), value: [] })]
Commands: [
  MoveCall(0xa00d14642a0faa3236f80a990568447a57a51d057ca4dc79f623db5b7334f58d::tokenomic_entries::addFund<0xb779486cfd6c19e9218cc7dc17c453014d2d9ba12d2ee4dbb0ec4e1e02ae1cca::spt::SPT>(Input(0),Input(1),Input(2),Input(3),Input(4),Input(5),Input(6),Input(7),Input(8),Input(9),Input(10),Input(11),Input(12),Input(12))),
]

Sender: 0x0dd0106a909560b8f2e0262e9946008e307ae7758fde5277853088d25b0b6c7f
Gas Payment: Object ID: 0x01ba063f3252b3d1a29d2f4ec03141f75139ff487245977963dcd0ea87ba6fb9, version: 0x8acd13, digest: CGiQnPxjABYWBut1UZ2JSf78uD3bazpbqZARnpNLoNHp
Gas Owner: 0x0dd0106a909560b8f2e0262e9946008e307ae7758fde5277853088d25b0b6c7f
Gas Price: 790
Gas Budget: 200000000

----- Transaction Effects ----
Status : Success
Created Objects:
  - ID: 0xd05abc54e7591db1d9f6848104a6d2b3f45e98e6737b4bda5e188e3560a2c5dc , Owner: Object ID: ( 0x941273f80fe5e026e73ac4f3cb4fc04e3c190afeb229fd3019d1c01a07b1eab8 )
Mutated Objects:
  - ID: 0x01ba063f3252b3d1a29d2f4ec03141f75139ff487245977963dcd0ea87ba6fb9 , Owner: Account Address ( 0x0dd0106a909560b8f2e0262e9946008e307ae7758fde5277853088d25b0b6c7f )
  - ID: 0x23a3f3168b0b10dd5da2e73ccc689cf71d1a885d41c44b412a06ec2a0cb49cc0 , Owner: Shared
  - ID: 0x4c8921b6b1cc5fcdb390ce07aa3bd804b7f4116177fb43d337510c875f78e297 , Owner: Shared
  - ID: 0x89f8ca05dd63df070c395432cd0cb0bbc3d61b26eb79868bbb445373ad2ef555 , Owner: Account Address ( 0x0dd0106a909560b8f2e0262e9946008e307ae7758fde5277853088d25b0b6c7f )
Wrapped Objects:
  - ID: 0xe396b90958d29034a7c01d87eaa86675f0941b2006d002862ef209ee90b80ef5

----- Events ----
Array [
    Object {
        "id": Object {
            "txDigest": String("CeLChs19fcs6HGQ5bdLWY4PfkixdsjFPxJ2fq5rF38Tk"),
            "eventSeq": String("0"),
        },
        "packageId": String("0xa00d14642a0faa3236f80a990568447a57a51d057ca4dc79f623db5b7334f58d"),
        "transactionModule": String("tokenomic_entries"),
        "sender": String("0x0dd0106a909560b8f2e0262e9946008e307ae7758fde5277853088d25b0b6c7f"),
        "type": String("0xa00d14642a0faa3236f80a990568447a57a51d057ca4dc79f623db5b7334f58d::tokenomic::TokenomicFundAddedEvent"),
        "parsedJson": Object {
            "cliff_ms": String("31104000000"),
            "linear_vesting_duration_ms": String("124416000000"),
            "milestone_percents": Array [],
            "milestone_times": Array [],
            "name": Array [
                Number(70),
                Number(85),
                Number(78),
                Number(68),
                Number(32),
                Number(70),
                Number(79),
                Number(85),
                Number(78),
                Number(68),
                Number(65),
                Number(84),
                Number(73),
                Number(79),
                Number(78),
            ],
            "owner": String("0x2e02f48413347c39e3cd3dd0430dc213f2ff1525af0ebae6e62c3191648d4221"),
            "pie_percent": String("1200"),
            "tge_ms": String("1691244000000"),
            "unlock_percent": String("0"),
            "vesting_fund_total": String("12000000000000000"),
            "vesting_type": Number(3),
        },
        "bcs": String("DopaxkLG4XffBun3BP6PHGVv8PsRqrUHkBX8t5Abi2pP6WkTiNQcTCXxyta9vhPzmry5yhdc3wQYJZv4q17LZMtxyxHET6jrvNbY8JPBNTPKs9EoszFsL73FKE4SVz4MFP4Prd6ue8eVnCrUSAPzqqcB1rbod"),
    },
]
----- Object changes ----
Array [
    Object {
        "type": String("mutated"),
        "sender": String("0x0dd0106a909560b8f2e0262e9946008e307ae7758fde5277853088d25b0b6c7f"),
        "owner": Object {
            "AddressOwner": String("0x0dd0106a909560b8f2e0262e9946008e307ae7758fde5277853088d25b0b6c7f"),
        },
        "objectType": String("0x2::coin::Coin<0x2::sui::SUI>"),
        "objectId": String("0x01ba063f3252b3d1a29d2f4ec03141f75139ff487245977963dcd0ea87ba6fb9"),
        "version": String("9097625"),
        "previousVersion": String("9096467"),
        "digest": String("4mRNLz7NTG6D7nefAfL2Hp6Kkkvo54LQTxBp5ef4xe4q"),
    },
    Object {
        "type": String("mutated"),
        "sender": String("0x0dd0106a909560b8f2e0262e9946008e307ae7758fde5277853088d25b0b6c7f"),
        "owner": Object {
            "Shared": Object {
                "initial_shared_version": Number(9096122),
            },
        },
        "objectType": String("0xa00d14642a0faa3236f80a990568447a57a51d057ca4dc79f623db5b7334f58d::tokenomic::TokenomicPie<0xb779486cfd6c19e9218cc7dc17c453014d2d9ba12d2ee4dbb0ec4e1e02ae1cca::spt::SPT>"),
        "objectId": String("0x23a3f3168b0b10dd5da2e73ccc689cf71d1a885d41c44b412a06ec2a0cb49cc0"),
        "version": String("9097625"),
        "previousVersion": String("9096466"),
        "digest": String("BzQSD92zSa5bX7HxyihG4UCdSRFTgouHRMk5JrapDbC2"),
    },
    Object {
        "type": String("mutated"),
        "sender": String("0x0dd0106a909560b8f2e0262e9946008e307ae7758fde5277853088d25b0b6c7f"),
        "owner": Object {
            "Shared": Object {
                "initial_shared_version": Number(9092575),
            },
        },
        "objectType": String("0xa00d14642a0faa3236f80a990568447a57a51d057ca4dc79f623db5b7334f58d::version::Version"),
        "objectId": String("0x4c8921b6b1cc5fcdb390ce07aa3bd804b7f4116177fb43d337510c875f78e297"),
        "version": String("9097625"),
        "previousVersion": String("9096466"),
        "digest": String("AmrTKLaMBNmZH5uta61PF4PvXkXpB5VScBE9K7MSciJc"),
    },
    Object {
        "type": String("mutated"),
        "sender": String("0x0dd0106a909560b8f2e0262e9946008e307ae7758fde5277853088d25b0b6c7f"),
        "owner": Object {
            "AddressOwner": String("0x0dd0106a909560b8f2e0262e9946008e307ae7758fde5277853088d25b0b6c7f"),
        },
        "objectType": String("0xa00d14642a0faa3236f80a990568447a57a51d057ca4dc79f623db5b7334f58d::tokenomic::TAdminCap"),
        "objectId": String("0x89f8ca05dd63df070c395432cd0cb0bbc3d61b26eb79868bbb445373ad2ef555"),
        "version": String("9097625"),
        "previousVersion": String("9096466"),
        "digest": String("3avpoauaSNFQf2rAdxsw7GAGfzfyT3ofZLxMvVEf6DYQ"),
    },
    Object {
        "type": String("created"),
        "sender": String("0x0dd0106a909560b8f2e0262e9946008e307ae7758fde5277853088d25b0b6c7f"),
        "owner": Object {
            "ObjectOwner": String("0x941273f80fe5e026e73ac4f3cb4fc04e3c190afeb229fd3019d1c01a07b1eab8"),
        },
        "objectType": String("0x2::dynamic_field::Field<address, 0xa00d14642a0faa3236f80a990568447a57a51d057ca4dc79f623db5b7334f58d::tokenomic::TokenomicFund<0xb779486cfd6c19e9218cc7dc17c453014d2d9ba12d2ee4dbb0ec4e1e02ae1cca::spt::SPT>>"),
        "objectId": String("0xd05abc54e7591db1d9f6848104a6d2b3f45e98e6737b4bda5e188e3560a2c5dc"),
        "version": String("9097625"),
        "digest": String("77GzEPS9zfesXpkKnFkL7XcEaN1HBJZktJUq9VM7SJ2X"),
    },
]
----- Balance changes ----
Array [
    Object {
        "owner": Object {
            "AddressOwner": String("0x0dd0106a909560b8f2e0262e9946008e307ae7758fde5277853088d25b0b6c7f"),
        },
        "coinType": String("0x2::sui::SUI"),
        "amount": String("-3260304"),
    },
    Object {
        "owner": Object {
            "AddressOwner": String("0x0dd0106a909560b8f2e0262e9946008e307ae7758fde5277853088d25b0b6c7f"),
        },
        "coinType": String("0xb779486cfd6c19e9218cc7dc17c453014d2d9ba12d2ee4dbb0ec4e1e02ae1cca::spt::SPT"),
        "amount": String("-12000000000000000"),
    },
]
