[warn] Client/Server api version mismatch, client api version : 1.6.1, server api version : 1.5.0
----- Transaction Digest ----
4UqaHNsS4e9umq1KMu7An7BYju9USLi3oqJvtdTJw3WK
----- Transaction Data ----
Transaction Signature: [Signature(Ed25519SuiSignature(Ed25519SuiSignature([0, 192, 246, 54, 143, 32, 188, 32, 197, 167, 226, 71, 147, 197, 28, 133, 236, 119, 237, 181, 102, 41, 24, 76, 133, 115, 161, 63, 132, 230, 97, 222, 106, 19, 205, 220, 56, 211, 155, 235, 127, 201, 104, 114, 208, 6, 62, 105, 222, 71, 29, 255, 34, 183, 13, 211, 31, 138, 35, 153, 217, 112, 50, 53, 12, 176, 217, 222, 133, 52, 90, 34, 46, 196, 156, 241, 27, 169, 209, 148, 30, 23, 159, 43, 170, 95, 1, 5, 53, 139, 58, 159, 231, 67, 67, 97, 211])))]
Transaction Kind : Programmable
Inputs: [Object(ImmOrOwnedObject { object_id: 0x89f8ca05dd63df070c395432cd0cb0bbc3d61b26eb79868bbb445373ad2ef555, version: SequenceNumber(9099793), digest: o#9gzZ8nvcPWhezD7BRKsUE23Vcy5rQ4ALLA1XLeNdTc5o }), Object(SharedObject { object_id: 0x23a3f3168b0b10dd5da2e73ccc689cf71d1a885d41c44b412a06ec2a0cb49cc0, initial_shared_version: SequenceNumber(9096122), mutable: true }), Pure(SuiPureValue { value_type: Some(Address), value: "0x901455b327d26f4df19c82ab313db5fd32f4704d30b7674050fc265442868f23" }), Pure(SuiPureValue { value_type: Some(Vector(U8)), value: "FUND STAKING/FARM" }), Pure(SuiPureValue { value_type: Some(U8), value: 3 }), Pure(SuiPureValue { value_type: Some(U64), value: "1691244000000" }), Pure(SuiPureValue { value_type: Some(U64), value: "0" }), Object(ImmOrOwnedObject { object_id: 0xd9e906de068e4be920fb1c96bd08bd7078cde73b09ca0e549cd03e5d7a1a4ce9, version: SequenceNumber(9099794), digest: o#BJrxvWjNoroKYzmA9U9sLHdhZevUra7fixdhS9cTMCQf }), Pure(SuiPureValue { value_type: Some(U64), value: "93312000000" }), Object(SharedObject { object_id: 0x0000000000000000000000000000000000000000000000000000000000000006, initial_shared_version: SequenceNumber(1), mutable: false }), Object(SharedObject { object_id: 0x4c8921b6b1cc5fcdb390ce07aa3bd804b7f4116177fb43d337510c875f78e297, initial_shared_version: SequenceNumber(9092575), mutable: true }), Pure(SuiPureValue { value_type: Some(Vector(U64)), value: [] })]
Commands: [
  MoveCall(0xa00d14642a0faa3236f80a990568447a57a51d057ca4dc79f623db5b7334f58d::tokenomic_entries::addFund<0xb779486cfd6c19e9218cc7dc17c453014d2d9ba12d2ee4dbb0ec4e1e02ae1cca::spt::SPT>(Input(0),Input(1),Input(2),Input(3),Input(4),Input(5),Input(6),Input(7),Input(6),Input(8),Input(9),Input(10),Input(11),Input(11))),
]

Sender: 0x0dd0106a909560b8f2e0262e9946008e307ae7758fde5277853088d25b0b6c7f
Gas Payment: Object ID: 0x01ba063f3252b3d1a29d2f4ec03141f75139ff487245977963dcd0ea87ba6fb9, version: 0x8ada12, digest: fKv6zqEVgmfa1Wie63tkDxxugf47wvmtxFYiNBVVA3D
Gas Owner: 0x0dd0106a909560b8f2e0262e9946008e307ae7758fde5277853088d25b0b6c7f
Gas Price: 790
Gas Budget: 200000000

----- Transaction Effects ----
Status : Success
Created Objects:
  - ID: 0x4c4b939b0e8905469dd485bf12d0f9b3a6aa7d7711bf183e0dcd7a7d1bc6f4ca , Owner: Object ID: ( 0x941273f80fe5e026e73ac4f3cb4fc04e3c190afeb229fd3019d1c01a07b1eab8 )
Mutated Objects:
  - ID: 0x01ba063f3252b3d1a29d2f4ec03141f75139ff487245977963dcd0ea87ba6fb9 , Owner: Account Address ( 0x0dd0106a909560b8f2e0262e9946008e307ae7758fde5277853088d25b0b6c7f )
  - ID: 0x23a3f3168b0b10dd5da2e73ccc689cf71d1a885d41c44b412a06ec2a0cb49cc0 , Owner: Shared
  - ID: 0x4c8921b6b1cc5fcdb390ce07aa3bd804b7f4116177fb43d337510c875f78e297 , Owner: Shared
  - ID: 0x89f8ca05dd63df070c395432cd0cb0bbc3d61b26eb79868bbb445373ad2ef555 , Owner: Account Address ( 0x0dd0106a909560b8f2e0262e9946008e307ae7758fde5277853088d25b0b6c7f )
Wrapped Objects:
  - ID: 0xd9e906de068e4be920fb1c96bd08bd7078cde73b09ca0e549cd03e5d7a1a4ce9

----- Events ----
Array [
    Object {
        "id": Object {
            "txDigest": String("4UqaHNsS4e9umq1KMu7An7BYju9USLi3oqJvtdTJw3WK"),
            "eventSeq": String("0"),
        },
        "packageId": String("0xa00d14642a0faa3236f80a990568447a57a51d057ca4dc79f623db5b7334f58d"),
        "transactionModule": String("tokenomic_entries"),
        "sender": String("0x0dd0106a909560b8f2e0262e9946008e307ae7758fde5277853088d25b0b6c7f"),
        "type": String("0xa00d14642a0faa3236f80a990568447a57a51d057ca4dc79f623db5b7334f58d::tokenomic::TokenomicFundAddedEvent"),
        "parsedJson": Object {
            "cliff_ms": String("0"),
            "linear_vesting_duration_ms": String("93312000000"),
            "milestone_percents": Array [],
            "milestone_times": Array [],
            "name": Array [
                Number(70),
                Number(85),
                Number(78),
                Number(68),
                Number(32),
                Number(83),
                Number(84),
                Number(65),
                Number(75),
                Number(73),
                Number(78),
                Number(71),
                Number(47),
                Number(70),
                Number(65),
                Number(82),
                Number(77),
            ],
            "owner": String("0x901455b327d26f4df19c82ab313db5fd32f4704d30b7674050fc265442868f23"),
            "pie_percent": String("1000"),
            "tge_ms": String("1691244000000"),
            "unlock_percent": String("0"),
            "vesting_fund_total": String("10000000000000000"),
            "vesting_type": Number(3),
        },
        "bcs": String("EUJ71GjNq6M88AfGvuv2abL7zaJuzZiP9hRJr8VAAX7pLZNzXPnAcySB3v1BV189sZAvKZqDdzoUXDf3ifUCSyjJ31tRX6y2853rUBn65WXq4dukoRKsdYtzK9rtwwqmsVMyBfLTNsBgsmib3EUcKYUv986H4DcB"),
    },
]
----- Object changes ----
Array [
    Object {
        "type": String("mutated"),
        "sender": String("0x0dd0106a909560b8f2e0262e9946008e307ae7758fde5277853088d25b0b6c7f"),
        "owner": Object {
            "AddressOwner": String("0x0dd0106a909560b8f2e0262e9946008e307ae7758fde5277853088d25b0b6c7f"),
        },
        "objectType": String("0x2::coin::Coin<0x2::sui::SUI>"),
        "objectId": String("0x01ba063f3252b3d1a29d2f4ec03141f75139ff487245977963dcd0ea87ba6fb9"),
        "version": String("9100188"),
        "previousVersion": String("9099794"),
        "digest": String("3FzKm7ZXgHLQGdJYL4CRhj9jjVyokAyKpb3KkKj73364"),
    },
    Object {
        "type": String("mutated"),
        "sender": String("0x0dd0106a909560b8f2e0262e9946008e307ae7758fde5277853088d25b0b6c7f"),
        "owner": Object {
            "Shared": Object {
                "initial_shared_version": Number(9096122),
            },
        },
        "objectType": String("0xa00d14642a0faa3236f80a990568447a57a51d057ca4dc79f623db5b7334f58d::tokenomic::TokenomicPie<0xb779486cfd6c19e9218cc7dc17c453014d2d9ba12d2ee4dbb0ec4e1e02ae1cca::spt::SPT>"),
        "objectId": String("0x23a3f3168b0b10dd5da2e73ccc689cf71d1a885d41c44b412a06ec2a0cb49cc0"),
        "version": String("9100188"),
        "previousVersion": String("9099793"),
        "digest": String("7pEESR1reT5oYgvD32cZCKYWktKoBpNMomuNUsqDuV5x"),
    },
    Object {
        "type": String("mutated"),
        "sender": String("0x0dd0106a909560b8f2e0262e9946008e307ae7758fde5277853088d25b0b6c7f"),
        "owner": Object {
            "Shared": Object {
                "initial_shared_version": Number(9092575),
            },
        },
        "objectType": String("0xa00d14642a0faa3236f80a990568447a57a51d057ca4dc79f623db5b7334f58d::version::Version"),
        "objectId": String("0x4c8921b6b1cc5fcdb390ce07aa3bd804b7f4116177fb43d337510c875f78e297"),
        "version": String("9100188"),
        "previousVersion": String("9099793"),
        "digest": String("F2wv4MLP8yU5xVqwviMQpDuyyfo2asw4As6PbnmjJv8g"),
    },
    Object {
        "type": String("mutated"),
        "sender": String("0x0dd0106a909560b8f2e0262e9946008e307ae7758fde5277853088d25b0b6c7f"),
        "owner": Object {
            "AddressOwner": String("0x0dd0106a909560b8f2e0262e9946008e307ae7758fde5277853088d25b0b6c7f"),
        },
        "objectType": String("0xa00d14642a0faa3236f80a990568447a57a51d057ca4dc79f623db5b7334f58d::tokenomic::TAdminCap"),
        "objectId": String("0x89f8ca05dd63df070c395432cd0cb0bbc3d61b26eb79868bbb445373ad2ef555"),
        "version": String("9100188"),
        "previousVersion": String("9099793"),
        "digest": String("2J4CPYsfUreuUJaASi2Esrp2R1BoY7tT4DrA13wZUtP9"),
    },
    Object {
        "type": String("created"),
        "sender": String("0x0dd0106a909560b8f2e0262e9946008e307ae7758fde5277853088d25b0b6c7f"),
        "owner": Object {
            "ObjectOwner": String("0x941273f80fe5e026e73ac4f3cb4fc04e3c190afeb229fd3019d1c01a07b1eab8"),
        },
        "objectType": String("0x2::dynamic_field::Field<address, 0xa00d14642a0faa3236f80a990568447a57a51d057ca4dc79f623db5b7334f58d::tokenomic::TokenomicFund<0xb779486cfd6c19e9218cc7dc17c453014d2d9ba12d2ee4dbb0ec4e1e02ae1cca::spt::SPT>>"),
        "objectId": String("0x4c4b939b0e8905469dd485bf12d0f9b3a6aa7d7711bf183e0dcd7a7d1bc6f4ca"),
        "version": String("9100188"),
        "digest": String("4FN3ekGeJdCu6LSRqfhqymK1BApDENtz5thhqiSgw4ZE"),
    },
]
----- Balance changes ----
Array [
    Object {
        "owner": Object {
            "AddressOwner": String("0x0dd0106a909560b8f2e0262e9946008e307ae7758fde5277853088d25b0b6c7f"),
        },
        "coinType": String("0x2::sui::SUI"),
        "amount": String("-3275504"),
    },
    Object {
        "owner": Object {
            "AddressOwner": String("0x0dd0106a909560b8f2e0262e9946008e307ae7758fde5277853088d25b0b6c7f"),
        },
        "coinType": String("0xb779486cfd6c19e9218cc7dc17c453014d2d9ba12d2ee4dbb0ec4e1e02ae1cca::spt::SPT"),
        "amount": String("-10000000000000000"),
    },
]
